#
# There is insufficient memory for the Java Runtime Environment to continue.
# Native memory allocation (malloc) failed to allocate 416176 bytes for Chunk::new
# Possible reasons:
#   The system is out of physical RAM or swap space
#   In 32 bit mode, the process size limit was hit
# Possible solutions:
#   Reduce memory load on the system
#   Increase physical memory or swap space
#   Check if swap backing store is full
#   Use 64 bit Java on a 64 bit OS
#   Decrease Java heap size (-Xmx/-Xms)
#   Decrease number of Java threads
#   Decrease Java thread stack sizes (-Xss)
#   Set larger code cache with -XX:ReservedCodeCacheSize=
# This output file may be truncated or incomplete.
#
#  Out of Memory Error (allocation.cpp:390), pid=9944, tid=9964
#
# JRE version: Java(TM) SE Runtime Environment (8.0_31-b13) (build 1.8.0_31-b13)
# Java VM: Java HotSpot(TM) 64-Bit Server VM (25.31-b07 mixed mode windows-amd64 compressed oops)
# Failed to write core dump. Minidumps are not enabled by default on client versions of Windows
#

---------------  T H R E A D  ---------------

Current thread (0x0000000017445000):  JavaThread "C2 CompilerThread0" daemon [_thread_in_native, id=9964, stack(0x0000000017a20000,0x0000000017b20000)]

Stack: [0x0000000017a20000,0x0000000017b20000]
Native frames: (J=compiled Java code, j=interpreted, Vv=VM code, C=native code)
V  [jvm.dll+0x3169ba]


Current CompileTask:
C2:  21237 2827       4       com.android.dx.dex.file.ClassDefsSection::orderItems0 (158 bytes)


---------------  P R O C E S S  ---------------

Java Threads: ( => current thread )
  0x00000000174d4800 JavaThread "Service Thread" daemon [_thread_blocked, id=11560, stack(0x0000000017e20000,0x0000000017f20000)]
  0x000000001748e800 JavaThread "C1 CompilerThread3" daemon [_thread_in_vm, id=11308, stack(0x0000000017d20000,0x0000000017e20000)]
  0x000000001748e000 JavaThread "C2 CompilerThread2" daemon [_thread_in_native, id=2136, stack(0x0000000017c20000,0x0000000017d20000)]
  0x0000000017449000 JavaThread "C2 CompilerThread1" daemon [_thread_in_native, id=11436, stack(0x0000000017b20000,0x0000000017c20000)]
=>0x0000000017445000 JavaThread "C2 CompilerThread0" daemon [_thread_in_native, id=9964, stack(0x0000000017a20000,0x0000000017b20000)]
  0x0000000017443800 JavaThread "Attach Listener" daemon [_thread_blocked, id=11548, stack(0x0000000017920000,0x0000000017a20000)]
  0x0000000017442800 JavaThread "Signal Dispatcher" daemon [_thread_blocked, id=12256, stack(0x0000000017820000,0x0000000017920000)]
  0x0000000002925800 JavaThread "Finalizer" daemon [_thread_blocked, id=10832, stack(0x0000000017320000,0x0000000017420000)]
  0x000000001544c800 JavaThread "Reference Handler" daemon [_thread_blocked, id=10944, stack(0x0000000017220000,0x0000000017320000)]
  0x0000000002831000 JavaThread "main" [_thread_in_Java, id=11228, stack(0x0000000002730000,0x0000000002830000)]

Other Threads:
  0x0000000015448800 VMThread [stack: 0x0000000017120000,0x0000000017220000] [id=8224]
  0x00000000174d5800 WatcherThread [stack: 0x0000000017f20000,0x0000000018020000] [id=11428]

VM state:not at safepoint (normal execution)

VM Mutex/Monitor currently owned by a thread: None

Heap:
 PSYoungGen      total 154112K, used 49507K [0x00000000eab00000, 0x00000000ff400000, 0x0000000100000000)
  eden space 118784K, 12% used [0x00000000eab00000,0x00000000eb8ebd80,0x00000000f1f00000)
  from space 35328K, 99% used [0x00000000f1f00000,0x00000000f416ced8,0x00000000f4180000)
  to   space 108032K, 0% used [0x00000000f8a80000,0x00000000f8a80000,0x00000000ff400000)
 ParOldGen       total 396288K, used 297697K [0x00000000c0000000, 0x00000000d8300000, 0x00000000eab00000)
  object space 396288K, 75% used [0x00000000c0000000,0x00000000d22b8708,0x00000000d8300000)
 Metaspace       used 5958K, capacity 7216K, committed 7296K, reserved 1056768K
  class space    used 569K, capacity 616K, committed 640K, reserved 1048576K

Card table byte_map: [0x0000000011cf0000,0x0000000011f00000] byte_map_base: 0x00000000116f0000

Marking Bits: (ParMarkBitMap*) 0x000000006197d4f0
 Begin Bits: [0x0000000012860000, 0x0000000013860000)
 End Bits:   [0x0000000013860000, 0x0000000014860000)

Polling page: 0x0000000000d80000

CodeCache: size=245760Kb used=9293Kb max_used=12357Kb free=236466Kb
 bounds [0x0000000002930000, 0x0000000003560000, 0x0000000011930000]
 total_blobs=2333 nmethods=2073 adapters=174
 compilation: enabled

Compilation events (10 events):
Event: 21.230 Thread 0x000000001748e800 nmethod 2836 0x00000000030b3dd0 code [0x00000000030b3f20, 0x00000000030b4030]
Event: 21.230 Thread 0x000000001748e800 2840       3       java.util.ArrayList::sort (48 bytes)
Event: 21.231 Thread 0x000000001748e800 nmethod 2840 0x00000000030c1210 code [0x00000000030c1380, 0x00000000030c15d8]
Event: 21.231 Thread 0x000000001748e800 2841       3       java.util.Arrays::sort (47 bytes)
Event: 21.231 Thread 0x0000000017449000 nmethod 2832 0x0000000003507210 code [0x0000000003507360, 0x0000000003507518]
Event: 21.231 Thread 0x000000001748e800 nmethod 2841 0x0000000002ee1190 code [0x0000000002ee1340, 0x0000000002ee1798]
Event: 21.231 Thread 0x000000001748e800 2843       3       java.util.AbstractMap::hashCode (43 bytes)
Event: 21.231 Thread 0x000000001748e800 nmethod 2843 0x0000000002da2b10 code [0x0000000002da2ce0, 0x0000000002da33a8]
Event: 21.231 Thread 0x000000001748e800 2842       3       com.android.dx.dex.file.EncodedField::compareTo (12 bytes)
Event: 21.232 Thread 0x000000001748e000 2847       4       com.android.dx.util.FixedSizeList::hashCode (8 bytes)

GC Heap History (10 events):
Event: 19.089 GC heap before
{Heap before GC invocations=25 (full 4):
 PSYoungGen      total 232960K, used 116736K [0x00000000eab00000, 0x0000000100000000, 0x0000000100000000)
  eden space 116736K, 100% used [0x00000000eab00000,0x00000000f1d00000,0x00000000f1d00000)
  from space 116224K, 0% used [0x00000000f8e80000,0x00000000f8e80000,0x0000000100000000)
  to   space 116224K, 0% used [0x00000000f1d00000,0x00000000f1d00000,0x00000000f8e80000)
 ParOldGen       total 396288K, used 243514K [0x00000000c0000000, 0x00000000d8300000, 0x00000000eab00000)
  object space 396288K, 61% used [0x00000000c0000000,0x00000000cedceab0,0x00000000d8300000)
 Metaspace       used 5887K, capacity 7152K, committed 7296K, reserved 1056768K
  class space    used 564K, capacity 616K, committed 640K, reserved 1048576K
Event: 19.102 GC heap after
Heap after GC invocations=25 (full 4):
 PSYoungGen      total 232960K, used 19424K [0x00000000eab00000, 0x0000000100000000, 0x0000000100000000)
  eden space 116736K, 0% used [0x00000000eab00000,0x00000000eab00000,0x00000000f1d00000)
  from space 116224K, 16% used [0x00000000f1d00000,0x00000000f2ff8000,0x00000000f8e80000)
  to   space 116224K, 0% used [0x00000000f8e80000,0x00000000f8e80000,0x0000000100000000)
 ParOldGen       total 396288K, used 243514K [0x00000000c0000000, 0x00000000d8300000, 0x00000000eab00000)
  object space 396288K, 61% used [0x00000000c0000000,0x00000000cedceab0,0x00000000d8300000)
 Metaspace       used 5887K, capacity 7152K, committed 7296K, reserved 1056768K
  class space    used 564K, capacity 616K, committed 640K, reserved 1048576K
}
Event: 19.302 GC heap before
{Heap before GC invocations=26 (full 4):
 PSYoungGen      total 232960K, used 136160K [0x00000000eab00000, 0x0000000100000000, 0x0000000100000000)
  eden space 116736K, 100% used [0x00000000eab00000,0x00000000f1d00000,0x00000000f1d00000)
  from space 116224K, 16% used [0x00000000f1d00000,0x00000000f2ff8000,0x00000000f8e80000)
  to   space 116224K, 0% used [0x00000000f8e80000,0x00000000f8e80000,0x0000000100000000)
 ParOldGen       total 396288K, used 243514K [0x00000000c0000000, 0x00000000d8300000, 0x00000000eab00000)
  object space 396288K, 61% used [0x00000000c0000000,0x00000000cedceab0,0x00000000d8300000)
 Metaspace       used 5887K, capacity 7152K, committed 7296K, reserved 1056768K
  class space    used 564K, capacity 616K, committed 640K, reserved 1048576K
Event: 19.330 GC heap after
Heap after GC invocations=26 (full 4):
 PSYoungGen      total 232960K, used 19040K [0x00000000eab00000, 0x0000000100000000, 0x0000000100000000)
  eden space 116736K, 0% used [0x00000000eab00000,0x00000000eab00000,0x00000000f1d00000)
  from space 116224K, 16% used [0x00000000f8e80000,0x00000000fa118000,0x0000000100000000)
  to   space 116224K, 0% used [0x00000000f1d00000,0x00000000f1d00000,0x00000000f8e80000)
 ParOldGen       total 396288K, used 261974K [0x00000000c0000000, 0x00000000d8300000, 0x00000000eab00000)
  object space 396288K, 66% used [0x00000000c0000000,0x00000000cffd5968,0x00000000d8300000)
 Metaspace       used 5887K, capacity 7152K, committed 7296K, reserved 1056768K
  class space    used 564K, capacity 616K, committed 640K, reserved 1048576K
}
Event: 19.591 GC heap before
{Heap before GC invocations=27 (full 4):
 PSYoungGen      total 232960K, used 135776K [0x00000000eab00000, 0x0000000100000000, 0x0000000100000000)
  eden space 116736K, 100% used [0x00000000eab00000,0x00000000f1d00000,0x00000000f1d00000)
  from space 116224K, 16% used [0x00000000f8e80000,0x00000000fa118000,0x0000000100000000)
  to   space 116224K, 0% used [0x00000000f1d00000,0x00000000f1d00000,0x00000000f8e80000)
 ParOldGen       total 396288K, used 261974K [0x00000000c0000000, 0x00000000d8300000, 0x00000000eab00000)
  object space 396288K, 66% used [0x00000000c0000000,0x00000000cffd5968,0x00000000d8300000)
 Metaspace       used 5891K, capacity 7152K, committed 7296K, reserved 1056768K
  class space    used 564K, capacity 616K, committed 640K, reserved 1048576K
Event: 19.629 GC heap after
Heap after GC invocations=27 (full 4):
 PSYoungGen      total 135168K, used 18266K [0x00000000eab00000, 0x00000000ffe00000, 0x0000000100000000)
  eden space 116736K, 0% used [0x00000000eab00000,0x00000000eab00000,0x00000000f1d00000)
  from space 18432K, 99% used [0x00000000f1d00000,0x00000000f2ed6a38,0x00000000f2f00000)
  to   space 115200K, 0% used [0x00000000f8d80000,0x00000000f8d80000,0x00000000ffe00000)
 ParOldGen       total 396288K, used 280031K [0x00000000c0000000, 0x00000000d8300000, 0x00000000eab00000)
  object space 396288K, 70% used [0x00000000c0000000,0x00000000d1177d10,0x00000000d8300000)
 Metaspace       used 5891K, capacity 7152K, committed 7296K, reserved 1056768K
  class space    used 564K, capacity 616K, committed 640K, reserved 1048576K
}
Event: 20.401 GC heap before
{Heap before GC invocations=28 (full 4):
 PSYoungGen      total 135168K, used 135002K [0x00000000eab00000, 0x00000000ffe00000, 0x0000000100000000)
  eden space 116736K, 100% used [0x00000000eab00000,0x00000000f1d00000,0x00000000f1d00000)
  from space 18432K, 99% used [0x00000000f1d00000,0x00000000f2ed6a38,0x00000000f2f00000)
  to   space 115200K, 0% used [0x00000000f8d80000,0x00000000f8d80000,0x00000000ffe00000)
 ParOldGen       total 396288K, used 280031K [0x00000000c0000000, 0x00000000d8300000, 0x00000000eab00000)
  object space 396288K, 70% used [0x00000000c0000000,0x00000000d1177d10,0x00000000d8300000)
 Metaspace       used 5894K, capacity 7152K, committed 7296K, reserved 1056768K
  class space    used 564K, capacity 616K, committed 640K, reserved 1048576K
Event: 20.448 GC heap after
Heap after GC invocations=28 (full 4):
 PSYoungGen      total 233984K, used 18464K [0x00000000eab00000, 0x0000000100000000, 0x0000000100000000)
  eden space 118784K, 0% used [0x00000000eab00000,0x00000000eab00000,0x00000000f1f00000)
  from space 115200K, 16% used [0x00000000f8d80000,0x00000000f9f88000,0x00000000ffe00000)
  to   space 113152K, 0% used [0x00000000f1f00000,0x00000000f1f00000,0x00000000f8d80000)
 ParOldGen       total 396288K, used 297697K [0x00000000c0000000, 0x00000000d8300000, 0x00000000eab00000)
  object space 396288K, 75% used [0x00000000c0000000,0x00000000d22b8708,0x00000000d8300000)
 Metaspace       used 5894K, capacity 7152K, committed 7296K, reserved 1056768K
  class space    used 564K, capacity 616K, committed 640K, reserved 1048576K
}
Event: 21.110 GC heap before
{Heap before GC invocations=29 (full 4):
 PSYoungGen      total 233984K, used 137248K [0x00000000eab00000, 0x0000000100000000, 0x0000000100000000)
  eden space 118784K, 100% used [0x00000000eab00000,0x00000000f1f00000,0x00000000f1f00000)
  from space 115200K, 16% used [0x00000000f8d80000,0x00000000f9f88000,0x00000000ffe00000)
  to   space 113152K, 0% used [0x00000000f1f00000,0x00000000f1f00000,0x00000000f8d80000)
 ParOldGen       total 396288K, used 297697K [0x00000000c0000000, 0x00000000d8300000, 0x00000000eab00000)
  object space 396288K, 75% used [0x00000000c0000000,0x00000000d22b8708,0x00000000d8300000)
 Metaspace       used 5907K, capacity 7216K, committed 7296K, reserved 1056768K
  class space    used 564K, capacity 616K, committed 640K, reserved 1048576K
Event: 21.138 GC heap after
Heap after GC invocations=29 (full 4):
 PSYoungGen      total 154112K, used 35251K [0x00000000eab00000, 0x00000000ff400000, 0x0000000100000000)
  eden space 118784K, 0% used [0x00000000eab00000,0x00000000eab00000,0x00000000f1f00000)
  from space 35328K, 99% used [0x00000000f1f00000,0x00000000f416ced8,0x00000000f4180000)
  to   space 108032K, 0% used [0x00000000f8a80000,0x00000000f8a80000,0x00000000ff400000)
 ParOldGen       total 396288K, used 297697K [0x00000000c0000000, 0x00000000d8300000, 0x00000000eab00000)
  object space 396288K, 75% used [0x00000000c0000000,0x00000000d22b8708,0x00000000d8300000)
 Metaspace       used 5907K, capacity 7216K, committed 7296K, reserved 1056768K
  class space    used 564K, capacity 616K, committed 640K, reserved 1048576K
}

Deoptimization events (10 events):
Event: 19.441 Thread 0x0000000002831000 Uncommon trap: reason=unreached action=reinterpret pc=0x0000000002baffd8 method=com.android.dx.cf.direct.StdAttributeFactory.parse0(Lcom/android/dx/cf/direct/DirectClassFile;ILjava/lang/String;IILcom/android/dx/cf/iface/ParseObserver;)Lcom/android/dx/cf/if
Event: 19.442 Thread 0x0000000002831000 Uncommon trap: reason=unreached action=reinterpret pc=0x0000000002b87b74 method=com.android.dx.dex.file.ValueEncoder.addContents(Lcom/android/dx/dex/file/DexFile;Lcom/android/dx/rop/cst/Constant;)V @ 4
Event: 19.992 Thread 0x0000000002831000 Uncommon trap: reason=unreached action=reinterpret pc=0x00000000033b0558 method=com.android.dx.ssa.PhiTypeResolver.resolveResultType(Lcom/android/dx/ssa/PhiInsn;)Z @ 64
Event: 21.223 Thread 0x0000000002831000 Uncommon trap: reason=unreached action=reinterpret pc=0x0000000002bfaabc method=java.util.Arrays.sort([Ljava/lang/Object;IILjava/util/Comparator;)V @ 1
Event: 21.224 Thread 0x0000000002831000 Uncommon trap: reason=unreached action=reinterpret pc=0x0000000002b15400 method=java.util.Arrays.sort([Ljava/lang/Object;IILjava/util/Comparator;)V @ 1
Event: 21.225 Thread 0x0000000002831000 Uncommon trap: reason=class_check action=maybe_recompile pc=0x0000000002dc5824 method=java.util.Arrays.hashCode([Ljava/lang/Object;)I @ 43
Event: 21.225 Thread 0x0000000002831000 Uncommon trap: reason=class_check action=maybe_recompile pc=0x0000000002dc5824 method=java.util.Arrays.hashCode([Ljava/lang/Object;)I @ 43
Event: 21.225 Thread 0x0000000002831000 Uncommon trap: reason=class_check action=maybe_recompile pc=0x0000000002dc5824 method=java.util.Arrays.hashCode([Ljava/lang/Object;)I @ 43
Event: 21.225 Thread 0x0000000002831000 Uncommon trap: reason=class_check action=maybe_recompile pc=0x0000000002dc5824 method=java.util.Arrays.hashCode([Ljava/lang/Object;)I @ 43
Event: 21.225 Thread 0x0000000002831000 Uncommon trap: reason=class_check action=maybe_recompile pc=0x0000000002dc8688 method=java.util.Arrays.hashCode([Ljava/lang/Object;)I @ 43

Internal exceptions (10 events):
Event: 0.047 Thread 0x0000000002831000 Exception <a 'java/lang/NoSuchMethodError': Method sun.misc.Unsafe.defineClass(Ljava/lang/String;[BII)Ljava/lang/Class; name or signature does not match> (0x00000000eab0c878) thrown at [C:\workspace\8-2-build-windows-amd64-cygwin\jdk8u31\2394\hotspot\src\s’q?‚+W¨?
Event: 0.048 Thread 0x0000000002831000 Exception <a 'java/lang/NoSuchMethodError': Method sun.misc.Unsafe.prefetchRead(Ljava/lang/Object;J)V name or signature does not match> (0x00000000eab0cb08) thrown at [C:\workspace\8-2-build-windows-amd64-cygwin\jdk8u31\2394\hotspot\src\share\vm\prims\jni.Zšž 4@
Event: 5.801 Thread 0x0000000002831000 Implicit null exception at 0x0000000002ca9375 to 0x0000000002caa1f9
Event: 5.802 Thread 0x0000000002831000 Implicit null exception at 0x0000000002dab915 to 0x0000000002dac6f9
Event: 10.766 Thread 0x0000000002831000 Implicit null exception at 0x0000000002ea6a5a to 0x0000000002ea6b52
Event: 14.931 Thread 0x0000000002831000 Implicit null exception at 0x000000000310e98b to 0x000000000310f339
Event: 15.520 Thread 0x0000000002831000 Exception <a 'java/lang/ArrayIndexOutOfBoundsException': 18> (0x00000000ebb627c0) thrown at [C:\workspace\8-2-build-windows-amd64-cygwin\jdk8u31\2394\hotspot\src\share\vm\interpreter\interpreterRuntime.cpp, line 366]
Event: 15.521 Thread 0x0000000002831000 Exception <a 'java/lang/ArrayIndexOutOfBoundsException': 145> (0x00000000ebb64258) thrown at [C:\workspace\8-2-build-windows-amd64-cygwin\jdk8u31\2394\hotspot\src\share\vm\interpreter\interpreterRuntime.cpp, line 366]
Event: 15.521 Thread 0x0000000002831000 Exception <a 'java/lang/ArrayIndexOutOfBoundsException'> (0x00000000ebb65470) thrown at [C:\workspace\8-2-build-windows-amd64-cygwin\jdk8u31\2394\hotspot\src\share\vm\runtime\sharedRuntime.cpp, line 604]
Event: 19.992 Thread 0x0000000002831000 Implicit null exception at 0x00000000033af285 to 0x00000000033b050f

Events (10 events):
Event: 21.225 Thread 0x0000000002831000 DEOPT UNPACKING pc=0x000000000297556a sp=0x000000000282f1a0 mode 2
Event: 21.225 Thread 0x0000000002831000 Uncommon trap: trap_request=0xffffffde fr.pc=0x0000000002dc5824
Event: 21.225 Thread 0x0000000002831000 DEOPT PACKING pc=0x0000000002dc5824 sp=0x000000000282ef70
Event: 21.225 Thread 0x0000000002831000 DEOPT UNPACKING pc=0x000000000297556a sp=0x000000000282eea0 mode 2
Event: 21.225 Thread 0x0000000002831000 Uncommon trap: trap_request=0xffffffde fr.pc=0x0000000002dc5824
Event: 21.225 Thread 0x0000000002831000 DEOPT PACKING pc=0x0000000002dc5824 sp=0x000000000282ef40
Event: 21.225 Thread 0x0000000002831000 DEOPT UNPACKING pc=0x000000000297556a sp=0x000000000282ee70 mode 2
Event: 21.225 Thread 0x0000000002831000 Uncommon trap: trap_request=0xffffffde fr.pc=0x0000000002dc8688
Event: 21.225 Thread 0x0000000002831000 DEOPT PACKING pc=0x0000000002dc8688 sp=0x000000000282f240
Event: 21.225 Thread 0x0000000002831000 DEOPT UNPACKING pc=0x000000000297556a sp=0x000000000282f1c8 mode 2


Dynamic libraries:
0x00007ff67cfb0000 - 0x00007ff67cfe4000 	C:\PROGRA~3\Oracle\Java\javapath\java.exe
0x00007fff42590000 - 0x00007fff4273c000 	C:\Windows\SYSTEM32\ntdll.dll
0x00007fff40780000 - 0x00007fff408ba000 	C:\Windows\system32\KERNEL32.DLL
0x00007fff3fc00000 - 0x00007fff3fd0f000 	C:\Windows\system32\KERNELBASE.dll
0x0000000063540000 - 0x00000000635d4000 	C:\Program Files\Bitdefender\Antivirus Free Edition\avc3\avc3_sig_296\avcuf64.dll
0x00007fff3e4e0000 - 0x00007fff3e568000 	C:\Windows\system32\apphelp.dll
0x00007fff2c470000 - 0x00007fff2c4bf000 	C:\Windows\AppPatch\AppPatch64\AcGenral.DLL
0x00007fff408c0000 - 0x00007fff40967000 	C:\Windows\system32\msvcrt.dll
0x00007fff3f740000 - 0x00007fff3f76b000 	C:\Windows\SYSTEM32\SspiCli.dll
0x00007fff40970000 - 0x00007fff409c1000 	C:\Windows\system32\SHLWAPI.dll
0x00007fff420d0000 - 0x00007fff42241000 	C:\Windows\system32\USER32.dll
0x00007fff40590000 - 0x00007fff40708000 	C:\Windows\system32\ole32.dll
0x00007fff40a30000 - 0x00007fff41e3f000 	C:\Windows\system32\SHELL32.dll
0x00007fff3f0d0000 - 0x00007fff3f0ee000 	C:\Windows\SYSTEM32\USERENV.dll
0x00007fff3fe20000 - 0x00007fff3fec5000 	C:\Windows\system32\ADVAPI32.dll
0x00007fff294a0000 - 0x00007fff294bb000 	C:\Windows\SYSTEM32\MPR.dll
0x00007fff42450000 - 0x00007fff42587000 	C:\Windows\system32\RPCRT4.dll
0x00007fff42250000 - 0x00007fff422a7000 	C:\Windows\SYSTEM32\sechost.dll
0x00007fff41ef0000 - 0x00007fff420c6000 	C:\Windows\SYSTEM32\combase.dll
0x00007fff3ffc0000 - 0x00007fff40104000 	C:\Windows\system32\GDI32.dll
0x00007fff3f900000 - 0x00007fff3f914000 	C:\Windows\SYSTEM32\profapi.dll
0x00007fff3db50000 - 0x00007fff3dbef000 	C:\Windows\SYSTEM32\SHCORE.dll
0x00007fff3fed0000 - 0x00007fff3ff04000 	C:\Windows\system32\IMM32.DLL
0x00007fff40450000 - 0x00007fff40589000 	C:\Windows\system32\MSCTF.dll
0x00007fff3d3e0000 - 0x00007fff3d63a000 	C:\Windows\WinSxS\amd64_microsoft.windows.common-controls_6595b64144ccf1df_6.0.9600.17031_none_6242a4b3ecbb55a1\COMCTL32.dll
0x0000000061a00000 - 0x0000000061ad2000 	C:\Program Files\Java\jre1.8.0_31\bin\msvcr100.dll
0x00000000611a0000 - 0x00000000619fa000 	C:\Program Files\Java\jre1.8.0_31\bin\server\jvm.dll
0x00007fff2ddf0000 - 0x00007fff2ddf9000 	C:\Windows\SYSTEM32\WSOCK32.dll
0x00007fff3b560000 - 0x00007fff3b57f000 	C:\Windows\SYSTEM32\WINMM.dll
0x00007fff3fe10000 - 0x00007fff3fe17000 	C:\Windows\system32\PSAPI.DLL
0x00007fff40320000 - 0x00007fff40378000 	C:\Windows\system32\WS2_32.dll
0x00007fff3abd0000 - 0x00007fff3abfa000 	C:\Windows\SYSTEM32\WINMMBASE.dll
0x00007fff41ee0000 - 0x00007fff41ee9000 	C:\Windows\system32\NSI.dll
0x00007fff3f9d0000 - 0x00007fff3fa1a000 	C:\Windows\SYSTEM32\cfgmgr32.dll
0x00007fff3e760000 - 0x00007fff3e786000 	C:\Windows\SYSTEM32\DEVOBJ.dll
0x0000000061190000 - 0x000000006119f000 	C:\Program Files\Java\jre1.8.0_31\bin\verify.dll
0x0000000061160000 - 0x0000000061188000 	C:\Program Files\Java\jre1.8.0_31\bin\java.dll
0x0000000061140000 - 0x0000000061156000 	C:\Program Files\Java\jre1.8.0_31\bin\zip.dll

VM Arguments:
jvm_args: -Xmx1024M -Xss1m -Djava.ext.dirs=E:\androidsdk\build-tools\21.1.2\lib 
java_command: E:\androidsdk\build-tools\21.1.2\lib\dx.jar --dex --output C:\Users\Alex\AndroidProjects\InstantTrivia\app\build\intermediates\pre-dexed\debug\classes-57fd2623208e53855500cc3a8de34a97b1d336c2.jar C:\Users\Alex\AndroidProjects\InstantTrivia\app\build\intermediates\exploded-aar\com.google.android.gms\play-services\6.5.87\classes.jar
java_class_path (initial): E:\androidsdk\build-tools\21.1.2\lib\dx.jar
Launcher Type: SUN_STANDARD

Environment Variables:
JAVA_HOME=C:\Program Files\Java\jdk1.8.0_25
PATH=C:\Program Files (x86)\EasyPHP-DevServer-14.1VC11\binaries\php\php_runningversion;C:\ProgramData\Oracle\Java\javapath;C:\Program Files (x86)\NVIDIA Corporation\PhysX\Common;C:\Program Files (x86)\Intel\iCLS Client\;C:\Program Files\Intel\iCLS Client\;C:\Windows\system32;C:\Windows;C:\Windows\System32\Wbem;C:\Windows\System32\WindowsPowerShell\v1.0\;C:\Program Files\Intel\Intel(R) Management Engine Components\DAL;C:\Program Files\Intel\Intel(R) Management Engine Components\IPT;C:\Program Files (x86)\Intel\Intel(R) Management Engine Components\DAL;C:\Program Files (x86)\Intel\Intel(R) Management Engine Components\IPT;C:\Program Files\Intel\WiFi\bin\;C:\Program Files\Common Files\Intel\WirelessCommon\;C:\Program Files (x86)\Windows Live\Shared;C:\Transas\IBS\Horus\;C:\Transas\IBS\Shared\
USERNAME=Alex
OS=Windows_NT
PROCESSOR_IDENTIFIER=Intel64 Family 6 Model 60 Stepping 3, GenuineIntel



---------------  S Y S T E M  ---------------

OS: Windows 8.1 , 64 bit Build 9600 

CPU:total 8 (4 cores per cpu, 2 threads per core) family 6 model 60 stepping 3, cmov, cx8, fxsr, mmx, sse, sse2, sse3, ssse3, sse4.1, sse4.2, popcnt, avx, avx2, aes, clmul, erms, lzcnt, ht, tsc, tscinvbit, bmi1, bmi2

Memory: 4k page, physical 8310872k(932344k free), swap 11456600k(7204k free)

vm_info: Java HotSpot(TM) 64-Bit Server VM (25.31-b07) for windows-amd64 JRE (1.8.0_31-b13), built on Dec 17 2014 21:00:28 by "java_re" with MS VC++ 10.0 (VS2010)

time: Wed Feb 11 23:19:39 2015
elapsed time: 21 seconds (0d 0h 0m 21s)

