#
# There is insufficient memory for the Java Runtime Environment to continue.
# Native memory allocation (malloc) failed to allocate 617136 bytes for Chunk::new
# Possible reasons:
#   The system is out of physical RAM or swap space
#   In 32 bit mode, the process size limit was hit
# Possible solutions:
#   Reduce memory load on the system
#   Increase physical memory or swap space
#   Check if swap backing store is full
#   Use 64 bit Java on a 64 bit OS
#   Decrease Java heap size (-Xmx/-Xms)
#   Decrease number of Java threads
#   Decrease Java thread stack sizes (-Xss)
#   Set larger code cache with -XX:ReservedCodeCacheSize=
# This output file may be truncated or incomplete.
#
#  Out of Memory Error (allocation.cpp:390), pid=5496, tid=11496
#
# JRE version: Java(TM) SE Runtime Environment (8.0_31-b13) (build 1.8.0_31-b13)
# Java VM: Java HotSpot(TM) 64-Bit Server VM (25.31-b07 mixed mode windows-amd64 compressed oops)
# Failed to write core dump. Minidumps are not enabled by default on client versions of Windows
#

---------------  T H R E A D  ---------------

Current thread (0x000000001731b000):  JavaThread "C2 CompilerThread1" daemon [_thread_in_native, id=11496, stack(0x00000000179f0000,0x0000000017af0000)]

Stack: [0x00000000179f0000,0x0000000017af0000]
Native frames: (J=compiled Java code, j=interpreted, Vv=VM code, C=native code)
V  [jvm.dll+0x3169ba]


Current CompileTask:
C2:   9158 2048       4       com.android.dx.dex.code.OutputFinisher::addConstants (93 bytes)


---------------  P R O C E S S  ---------------

Java Threads: ( => current thread )
  0x00000000173b3800 JavaThread "Service Thread" daemon [_thread_blocked, id=12248, stack(0x0000000017cf0000,0x0000000017df0000)]
  0x0000000017370000 JavaThread "C1 CompilerThread3" daemon [_thread_blocked, id=11384, stack(0x0000000017bf0000,0x0000000017cf0000)]
  0x0000000017353000 JavaThread "C2 CompilerThread2" daemon [_thread_blocked, id=11588, stack(0x0000000017af0000,0x0000000017bf0000)]
=>0x000000001731b000 JavaThread "C2 CompilerThread1" daemon [_thread_in_native, id=11496, stack(0x00000000179f0000,0x0000000017af0000)]
  0x0000000017315000 JavaThread "C2 CompilerThread0" daemon [_thread_blocked, id=7768, stack(0x00000000178f0000,0x00000000179f0000)]
  0x0000000017313800 JavaThread "Attach Listener" daemon [_thread_blocked, id=10328, stack(0x00000000177f0000,0x00000000178f0000)]
  0x0000000017312800 JavaThread "Signal Dispatcher" daemon [_thread_blocked, id=11340, stack(0x00000000176f0000,0x00000000177f0000)]
  0x00000000027f5800 JavaThread "Finalizer" daemon [_thread_blocked, id=10700, stack(0x00000000171f0000,0x00000000172f0000)]
  0x000000001531c800 JavaThread "Reference Handler" daemon [_thread_blocked, id=8480, stack(0x00000000170f0000,0x00000000171f0000)]
  0x0000000002701000 JavaThread "main" [_thread_in_Java, id=8912, stack(0x0000000002580000,0x0000000002680000)]

Other Threads:
  0x0000000015318800 VMThread [stack: 0x0000000016ff0000,0x00000000170f0000] [id=10184]
  0x00000000173b4800 WatcherThread [stack: 0x0000000017df0000,0x0000000017ef0000] [id=10756]

VM state:not at safepoint (normal execution)

VM Mutex/Monitor currently owned by a thread: None

Heap:
 PSYoungGen      total 138240K, used 65922K [0x00000000eab00000, 0x00000000f3700000, 0x0000000100000000)
  eden space 133120K, 45% used [0x00000000eab00000,0x00000000ee664e50,0x00000000f2d00000)
  from space 5120K, 99% used [0x00000000f3200000,0x00000000f36fba18,0x00000000f3700000)
  to   space 5120K, 0% used [0x00000000f2d00000,0x00000000f2d00000,0x00000000f3200000)
 ParOldGen       total 87552K, used 26092K [0x00000000c0000000, 0x00000000c5580000, 0x00000000eab00000)
  object space 87552K, 29% used [0x00000000c0000000,0x00000000c197b1e0,0x00000000c5580000)
 Metaspace       used 5924K, capacity 7216K, committed 7296K, reserved 1056768K
  class space    used 573K, capacity 616K, committed 640K, reserved 1048576K

Card table byte_map: [0x0000000011bc0000,0x0000000011dd0000] byte_map_base: 0x00000000115c0000

Marking Bits: (ParMarkBitMap*) 0x000000006197d4f0
 Begin Bits: [0x0000000012730000, 0x0000000013730000)
 End Bits:   [0x0000000013730000, 0x0000000014730000)

Polling page: 0x0000000000c90000

CodeCache: size=245760Kb used=10048Kb max_used=10065Kb free=235711Kb
 bounds [0x0000000002800000, 0x00000000031f0000, 0x0000000011800000]
 total_blobs=2316 nmethods=2056 adapters=174
 compilation: enabled

Compilation events (10 events):
Event: 9.026 Thread 0x0000000017315000 nmethod 2055 0x0000000002e88550 code [0x0000000002e88680, 0x0000000002e886f8]
Event: 9.026 Thread 0x0000000017370000 nmethod 2053 0x00000000031cdfd0 code [0x00000000031ce140, 0x00000000031ce3d0]
Event: 9.026 Thread 0x0000000017370000 2056       3       com.android.dx.dex.file.DebugInfoItem::<init> (36 bytes)
Event: 9.027 Thread 0x0000000017370000 nmethod 2056 0x00000000031cda90 code [0x00000000031cdc00, 0x00000000031cded8]
Event: 9.027 Thread 0x0000000017370000 2057       3       java.util.HashMap$KeySet::iterator (12 bytes)
Event: 9.028 Thread 0x0000000017370000 nmethod 2057 0x00000000031d9a50 code [0x00000000031d9bc0, 0x00000000031d9e28]
Event: 9.028 Thread 0x0000000017370000 2058       3       java.util.HashMap$KeyIterator::<init> (11 bytes)
Event: 9.028 Thread 0x0000000017370000 nmethod 2058 0x00000000031cd610 code [0x00000000031cd780, 0x00000000031cd928]
Event: 9.034 Thread 0x0000000017353000 2059       4       com.android.dx.dex.file.DexFile::internIfAppropriate (128 bytes)
Event: 9.068 Thread 0x0000000017353000 nmethod 2059 0x00000000031dcf50 code [0x00000000031dd1e0, 0x00000000031deab0]

GC Heap History (8 events):
Event: 2.142 GC heap before
{Heap before GC invocations=1 (full 0):
 PSYoungGen      total 38400K, used 33280K [0x00000000eab00000, 0x00000000ed580000, 0x0000000100000000)
  eden space 33280K, 100% used [0x00000000eab00000,0x00000000ecb80000,0x00000000ecb80000)
  from space 5120K, 0% used [0x00000000ed080000,0x00000000ed080000,0x00000000ed580000)
  to   space 5120K, 0% used [0x00000000ecb80000,0x00000000ecb80000,0x00000000ed080000)
 ParOldGen       total 87552K, used 0K [0x00000000c0000000, 0x00000000c5580000, 0x00000000eab00000)
  object space 87552K, 0% used [0x00000000c0000000,0x00000000c0000000,0x00000000c5580000)
 Metaspace       used 5507K, capacity 6960K, committed 7040K, reserved 1056768K
  class space    used 542K, capacity 616K, committed 640K, reserved 1048576K
Event: 2.232 GC heap after
Heap after GC invocations=1 (full 0):
 PSYoungGen      total 38400K, used 5116K [0x00000000eab00000, 0x00000000ef600000, 0x0000000100000000)
  eden space 33280K, 0% used [0x00000000eab00000,0x00000000eab00000,0x00000000ecb80000)
  from space 5120K, 99% used [0x00000000ecb80000,0x00000000ed07f100,0x00000000ed080000)
  to   space 5120K, 0% used [0x00000000ef100000,0x00000000ef100000,0x00000000ef600000)
 ParOldGen       total 87552K, used 1343K [0x00000000c0000000, 0x00000000c5580000, 0x00000000eab00000)
  object space 87552K, 1% used [0x00000000c0000000,0x00000000c014fc90,0x00000000c5580000)
 Metaspace       used 5507K, capacity 6960K, committed 7040K, reserved 1056768K
  class space    used 542K, capacity 616K, committed 640K, reserved 1048576K
}
Event: 4.041 GC heap before
{Heap before GC invocations=2 (full 0):
 PSYoungGen      total 38400K, used 38396K [0x00000000eab00000, 0x00000000ef600000, 0x0000000100000000)
  eden space 33280K, 100% used [0x00000000eab00000,0x00000000ecb80000,0x00000000ecb80000)
  from space 5120K, 99% used [0x00000000ecb80000,0x00000000ed07f100,0x00000000ed080000)
  to   space 5120K, 0% used [0x00000000ef100000,0x00000000ef100000,0x00000000ef600000)
 ParOldGen       total 87552K, used 1343K [0x00000000c0000000, 0x00000000c5580000, 0x00000000eab00000)
  object space 87552K, 1% used [0x00000000c0000000,0x00000000c014fc90,0x00000000c5580000)
 Metaspace       used 5752K, capacity 7088K, committed 7296K, reserved 1056768K
  class space    used 566K, capacity 616K, committed 640K, reserved 1048576K
Event: 4.079 GC heap after
Heap after GC invocations=2 (full 0):
 PSYoungGen      total 71680K, used 5104K [0x00000000eab00000, 0x00000000ef600000, 0x0000000100000000)
  eden space 66560K, 0% used [0x00000000eab00000,0x00000000eab00000,0x00000000eec00000)
  from space 5120K, 99% used [0x00000000ef100000,0x00000000ef5fc070,0x00000000ef600000)
  to   space 5120K, 0% used [0x00000000eec00000,0x00000000eec00000,0x00000000ef100000)
 ParOldGen       total 87552K, used 5959K [0x00000000c0000000, 0x00000000c5580000, 0x00000000eab00000)
  object space 87552K, 6% used [0x00000000c0000000,0x00000000c05d1ef0,0x00000000c5580000)
 Metaspace       used 5752K, capacity 7088K, committed 7296K, reserved 1056768K
  class space    used 566K, capacity 616K, committed 640K, reserved 1048576K
}
Event: 7.013 GC heap before
{Heap before GC invocations=3 (full 0):
 PSYoungGen      total 71680K, used 71664K [0x00000000eab00000, 0x00000000ef600000, 0x0000000100000000)
  eden space 66560K, 100% used [0x00000000eab00000,0x00000000eec00000,0x00000000eec00000)
  from space 5120K, 99% used [0x00000000ef100000,0x00000000ef5fc070,0x00000000ef600000)
  to   space 5120K, 0% used [0x00000000eec00000,0x00000000eec00000,0x00000000ef100000)
 ParOldGen       total 87552K, used 5959K [0x00000000c0000000, 0x00000000c5580000, 0x00000000eab00000)
  object space 87552K, 6% used [0x00000000c0000000,0x00000000c05d1ef0,0x00000000c5580000)
 Metaspace       used 5789K, capacity 7088K, committed 7296K, reserved 1056768K
  class space    used 566K, capacity 616K, committed 640K, reserved 1048576K
Event: 7.055 GC heap after
Heap after GC invocations=3 (full 0):
 PSYoungGen      total 71680K, used 5093K [0x00000000eab00000, 0x00000000f3700000, 0x0000000100000000)
  eden space 66560K, 0% used [0x00000000eab00000,0x00000000eab00000,0x00000000eec00000)
  from space 5120K, 99% used [0x00000000eec00000,0x00000000ef0f9768,0x00000000ef100000)
  to   space 5120K, 0% used [0x00000000f3200000,0x00000000f3200000,0x00000000f3700000)
 ParOldGen       total 87552K, used 16619K [0x00000000c0000000, 0x00000000c5580000, 0x00000000eab00000)
  object space 87552K, 18% used [0x00000000c0000000,0x00000000c103af90,0x00000000c5580000)
 Metaspace       used 5789K, capacity 7088K, committed 7296K, reserved 1056768K
  class space    used 566K, capacity 616K, committed 640K, reserved 1048576K
}
Event: 7.732 GC heap before
{Heap before GC invocations=4 (full 0):
 PSYoungGen      total 71680K, used 71653K [0x00000000eab00000, 0x00000000f3700000, 0x0000000100000000)
  eden space 66560K, 100% used [0x00000000eab00000,0x00000000eec00000,0x00000000eec00000)
  from space 5120K, 99% used [0x00000000eec00000,0x00000000ef0f9768,0x00000000ef100000)
  to   space 5120K, 0% used [0x00000000f3200000,0x00000000f3200000,0x00000000f3700000)
 ParOldGen       total 87552K, used 16619K [0x00000000c0000000, 0x00000000c5580000, 0x00000000eab00000)
  object space 87552K, 18% used [0x00000000c0000000,0x00000000c103af90,0x00000000c5580000)
 Metaspace       used 5806K, capacity 7152K, committed 7296K, reserved 1056768K
  class space    used 566K, capacity 616K, committed 640K, reserved 1048576K
Event: 7.765 GC heap after
Heap after GC invocations=4 (full 0):
 PSYoungGen      total 138240K, used 5102K [0x00000000eab00000, 0x00000000f3700000, 0x0000000100000000)
  eden space 133120K, 0% used [0x00000000eab00000,0x00000000eab00000,0x00000000f2d00000)
  from space 5120K, 99% used [0x00000000f3200000,0x00000000f36fba18,0x00000000f3700000)
  to   space 5120K, 0% used [0x00000000f2d00000,0x00000000f2d00000,0x00000000f3200000)
 ParOldGen       total 87552K, used 26092K [0x00000000c0000000, 0x00000000c5580000, 0x00000000eab00000)
  object space 87552K, 29% used [0x00000000c0000000,0x00000000c197b1e0,0x00000000c5580000)
 Metaspace       used 5806K, capacity 7152K, committed 7296K, reserved 1056768K
  class space    used 566K, capacity 616K, committed 640K, reserved 1048576K
}

Deoptimization events (10 events):
Event: 8.087 Thread 0x0000000002701000 Uncommon trap: reason=class_check action=maybe_recompile pc=0x00000000030b8ee0 method=com.android.dx.ssa.back.FirstFitLocalCombiningAllocator.findNextUnreservedRopReg(IILcom/android/dx/ssa/back/FirstFitLocalCombiningAllocator$Alignment;)I @ 60
Event: 8.087 Thread 0x0000000002701000 Uncommon trap: reason=class_check action=maybe_recompile pc=0x0000000002ffb4b8 method=com.android.dx.ssa.back.FirstFitLocalCombiningAllocator.findNextUnreservedRopReg(IILcom/android/dx/ssa/back/FirstFitLocalCombiningAllocator$Alignment;)I @ 60
Event: 8.250 Thread 0x0000000002701000 Uncommon trap: reason=bimorphic action=maybe_recompile pc=0x00000000031032a4 method=com.android.dx.cf.code.BytecodeArray.parseInstruction(ILcom/android/dx/cf/code/BytecodeArray$Visitor;)I @ 1597
Event: 8.250 Thread 0x0000000002701000 Uncommon trap: reason=bimorphic action=maybe_recompile pc=0x00000000031032a4 method=com.android.dx.cf.code.BytecodeArray.parseInstruction(ILcom/android/dx/cf/code/BytecodeArray$Visitor;)I @ 1597
Event: 8.838 Thread 0x0000000002701000 Uncommon trap: reason=class_check action=maybe_recompile pc=0x0000000002c62364 method=java.util.Arrays.hashCode([Ljava/lang/Object;)I @ 43
Event: 8.838 Thread 0x0000000002701000 Uncommon trap: reason=class_check action=maybe_recompile pc=0x0000000002c62364 method=java.util.Arrays.hashCode([Ljava/lang/Object;)I @ 43
Event: 8.838 Thread 0x0000000002701000 Uncommon trap: reason=class_check action=maybe_recompile pc=0x0000000002c62364 method=java.util.Arrays.hashCode([Ljava/lang/Object;)I @ 43
Event: 8.838 Thread 0x0000000002701000 Uncommon trap: reason=class_check action=maybe_recompile pc=0x0000000002c62364 method=java.util.Arrays.hashCode([Ljava/lang/Object;)I @ 43
Event: 8.839 Thread 0x0000000002701000 Uncommon trap: reason=class_check action=maybe_recompile pc=0x0000000002c51e48 method=java.util.Arrays.hashCode([Ljava/lang/Object;)I @ 43
Event: 9.024 Thread 0x0000000002701000 Uncommon trap: reason=unreached action=reinterpret pc=0x00000000031d37e8 method=com.android.dx.dex.code.OutputFinisher.addConstants(Ljava/util/HashSet;Lcom/android/dx/rop/code/RegisterSpec;)V @ 57

Internal exceptions (8 events):
Event: 0.051 Thread 0x0000000002701000 Exception <a 'java/lang/NoSuchMethodError': Method sun.misc.Unsafe.defineClass(Ljava/lang/String;[BII)Ljava/lang/Class; name or signature does not match> (0x00000000eab0c870) thrown at [C:\workspace\8-2-build-windows-amd64-cygwin\jdk8u31\2394\hotspot\src\sçr8&ı ™?
Event: 0.051 Thread 0x0000000002701000 Exception <a 'java/lang/NoSuchMethodError': Method sun.misc.Unsafe.prefetchRead(Ljava/lang/Object;J)V name or signature does not match> (0x00000000eab0cb00) thrown at [C:\workspace\8-2-build-windows-amd64-cygwin\jdk8u31\2394\hotspot\src\share\vm\prims\jni.M%ar95ˆ?
Event: 1.388 Thread 0x0000000002701000 Implicit null exception at 0x0000000002c6fba2 to 0x0000000002c6fc95
Event: 1.437 Thread 0x0000000002701000 Implicit null exception at 0x0000000002b6f4b6 to 0x0000000002b71ad9
Event: 2.346 Thread 0x0000000002701000 Exception <a 'java/lang/ArrayIndexOutOfBoundsException': 18> (0x00000000eb0451c0) thrown at [C:\workspace\8-2-build-windows-amd64-cygwin\jdk8u31\2394\hotspot\src\share\vm\interpreter\interpreterRuntime.cpp, line 366]
Event: 2.346 Thread 0x0000000002701000 Exception <a 'java/lang/ArrayIndexOutOfBoundsException': 145> (0x00000000eb046c58) thrown at [C:\workspace\8-2-build-windows-amd64-cygwin\jdk8u31\2394\hotspot\src\share\vm\interpreter\interpreterRuntime.cpp, line 366]
Event: 2.347 Thread 0x0000000002701000 Exception <a 'java/lang/ArrayIndexOutOfBoundsException'> (0x00000000eb047e70) thrown at [C:\workspace\8-2-build-windows-amd64-cygwin\jdk8u31\2394\hotspot\src\share\vm\runtime\sharedRuntime.cpp, line 604]
Event: 2.895 Thread 0x0000000002701000 Implicit null exception at 0x0000000002b32ee1 to 0x0000000002b3581d

Events (10 events):
Event: 8.840 loading class com/android/dx/rop/cst/Zeroes done
Event: 8.857 loading class java/util/HashMap$KeySet
Event: 8.857 loading class java/util/HashMap$KeySet done
Event: 8.857 loading class java/util/HashMap$KeyIterator
Event: 8.857 loading class java/util/HashMap$KeyIterator done
Event: 8.860 loading class com/android/dx/dex/file/CatchStructs
Event: 8.860 loading class com/android/dx/dex/file/CatchStructs done
Event: 9.024 Thread 0x0000000002701000 Uncommon trap: trap_request=0xffffffad fr.pc=0x00000000031d37e8
Event: 9.024 Thread 0x0000000002701000 DEOPT PACKING pc=0x00000000031d37e8 sp=0x000000000267f140
Event: 9.024 Thread 0x0000000002701000 DEOPT UNPACKING pc=0x000000000284556a sp=0x000000000267f128 mode 2


Dynamic libraries:
0x00007ff67cfb0000 - 0x00007ff67cfe4000 	C:\PROGRA~3\Oracle\Java\javapath\java.exe
0x00007fff42590000 - 0x00007fff4273c000 	C:\Windows\SYSTEM32\ntdll.dll
0x00007fff40780000 - 0x00007fff408ba000 	C:\Windows\system32\KERNEL32.DLL
0x00007fff3fc00000 - 0x00007fff3fd0f000 	C:\Windows\system32\KERNELBASE.dll
0x0000000063540000 - 0x00000000635d4000 	C:\Program Files\Bitdefender\Antivirus Free Edition\avc3\avc3_sig_296\avcuf64.dll
0x00007fff3e4e0000 - 0x00007fff3e568000 	C:\Windows\system32\apphelp.dll
0x00007fff2c470000 - 0x00007fff2c4bf000 	C:\Windows\AppPatch\AppPatch64\AcGenral.DLL
0x00007fff408c0000 - 0x00007fff40967000 	C:\Windows\system32\msvcrt.dll
0x00007fff3f740000 - 0x00007fff3f76b000 	C:\Windows\SYSTEM32\SspiCli.dll
0x00007fff40970000 - 0x00007fff409c1000 	C:\Windows\system32\SHLWAPI.dll
0x00007fff420d0000 - 0x00007fff42241000 	C:\Windows\system32\USER32.dll
0x00007fff40590000 - 0x00007fff40708000 	C:\Windows\system32\ole32.dll
0x00007fff40a30000 - 0x00007fff41e3f000 	C:\Windows\system32\SHELL32.dll
0x00007fff3f0d0000 - 0x00007fff3f0ee000 	C:\Windows\SYSTEM32\USERENV.dll
0x00007fff3fe20000 - 0x00007fff3fec5000 	C:\Windows\system32\ADVAPI32.dll
0x00007fff294a0000 - 0x00007fff294bb000 	C:\Windows\SYSTEM32\MPR.dll
0x00007fff42450000 - 0x00007fff42587000 	C:\Windows\system32\RPCRT4.dll
0x00007fff42250000 - 0x00007fff422a7000 	C:\Windows\SYSTEM32\sechost.dll
0x00007fff41ef0000 - 0x00007fff420c6000 	C:\Windows\SYSTEM32\combase.dll
0x00007fff3ffc0000 - 0x00007fff40104000 	C:\Windows\system32\GDI32.dll
0x00007fff3f900000 - 0x00007fff3f914000 	C:\Windows\SYSTEM32\profapi.dll
0x00007fff3db50000 - 0x00007fff3dbef000 	C:\Windows\SYSTEM32\SHCORE.dll
0x00007fff3fed0000 - 0x00007fff3ff04000 	C:\Windows\system32\IMM32.DLL
0x00007fff40450000 - 0x00007fff40589000 	C:\Windows\system32\MSCTF.dll
0x00007fff3d3e0000 - 0x00007fff3d63a000 	C:\Windows\WinSxS\amd64_microsoft.windows.common-controls_6595b64144ccf1df_6.0.9600.17031_none_6242a4b3ecbb55a1\COMCTL32.dll
0x0000000061a00000 - 0x0000000061ad2000 	C:\Program Files\Java\jre1.8.0_31\bin\msvcr100.dll
0x00000000611a0000 - 0x00000000619fa000 	C:\Program Files\Java\jre1.8.0_31\bin\server\jvm.dll
0x00007fff2ddf0000 - 0x00007fff2ddf9000 	C:\Windows\SYSTEM32\WSOCK32.dll
0x00007fff3b560000 - 0x00007fff3b57f000 	C:\Windows\SYSTEM32\WINMM.dll
0x00007fff3fe10000 - 0x00007fff3fe17000 	C:\Windows\system32\PSAPI.DLL
0x00007fff40320000 - 0x00007fff40378000 	C:\Windows\system32\WS2_32.dll
0x00007fff3abd0000 - 0x00007fff3abfa000 	C:\Windows\SYSTEM32\WINMMBASE.dll
0x00007fff41ee0000 - 0x00007fff41ee9000 	C:\Windows\system32\NSI.dll
0x00007fff3f9d0000 - 0x00007fff3fa1a000 	C:\Windows\SYSTEM32\cfgmgr32.dll
0x00007fff3e760000 - 0x00007fff3e786000 	C:\Windows\SYSTEM32\DEVOBJ.dll
0x0000000061190000 - 0x000000006119f000 	C:\Program Files\Java\jre1.8.0_31\bin\verify.dll
0x0000000061160000 - 0x0000000061188000 	C:\Program Files\Java\jre1.8.0_31\bin\java.dll
0x0000000061140000 - 0x0000000061156000 	C:\Program Files\Java\jre1.8.0_31\bin\zip.dll

VM Arguments:
jvm_args: -Xmx1024M -Xss1m -Djava.ext.dirs=E:\androidsdk\build-tools\21.1.2\lib 
java_command: E:\androidsdk\build-tools\21.1.2\lib\dx.jar --dex --output C:\Users\Alex\AndroidProjects\InstantTrivia\app\build\intermediates\pre-dexed\debug\classes-c2584b1307455b76568eae04137b069acb185565.jar C:\Users\Alex\AndroidProjects\InstantTrivia\app\build\intermediates\exploded-aar\com.android.support\appcompat-v7\21.0.3\classes.jar
java_class_path (initial): E:\androidsdk\build-tools\21.1.2\lib\dx.jar
Launcher Type: SUN_STANDARD

Environment Variables:
JAVA_HOME=C:\Program Files\Java\jdk1.8.0_25
PATH=C:\Program Files (x86)\EasyPHP-DevServer-14.1VC11\binaries\php\php_runningversion;C:\ProgramData\Oracle\Java\javapath;C:\Program Files (x86)\NVIDIA Corporation\PhysX\Common;C:\Program Files (x86)\Intel\iCLS Client\;C:\Program Files\Intel\iCLS Client\;C:\Windows\system32;C:\Windows;C:\Windows\System32\Wbem;C:\Windows\System32\WindowsPowerShell\v1.0\;C:\Program Files\Intel\Intel(R) Management Engine Components\DAL;C:\Program Files\Intel\Intel(R) Management Engine Components\IPT;C:\Program Files (x86)\Intel\Intel(R) Management Engine Components\DAL;C:\Program Files (x86)\Intel\Intel(R) Management Engine Components\IPT;C:\Program Files\Intel\WiFi\bin\;C:\Program Files\Common Files\Intel\WirelessCommon\;C:\Program Files (x86)\Windows Live\Shared;C:\Transas\IBS\Horus\;C:\Transas\IBS\Shared\
USERNAME=Alex
OS=Windows_NT
PROCESSOR_IDENTIFIER=Intel64 Family 6 Model 60 Stepping 3, GenuineIntel



---------------  S Y S T E M  ---------------

OS: Windows 8.1 , 64 bit Build 9600 

CPU:total 8 (4 cores per cpu, 2 threads per core) family 6 model 60 stepping 3, cmov, cx8, fxsr, mmx, sse, sse2, sse3, ssse3, sse4.1, sse4.2, popcnt, avx, avx2, aes, clmul, erms, lzcnt, ht, tsc, tscinvbit, bmi1, bmi2

Memory: 4k page, physical 8310872k(900500k free), swap 11456600k(5108k free)

vm_info: Java HotSpot(TM) 64-Bit Server VM (25.31-b07) for windows-amd64 JRE (1.8.0_31-b13), built on Dec 17 2014 21:00:28 by "java_re" with MS VC++ 10.0 (VS2010)

time: Wed Feb 11 23:19:27 2015
elapsed time: 9 seconds (0d 0h 0m 9s)

