#
# There is insufficient memory for the Java Runtime Environment to continue.
# Native memory allocation (malloc) failed to allocate 32744 bytes for ChunkPool::allocate
# Possible reasons:
#   The system is out of physical RAM or swap space
#   In 32 bit mode, the process size limit was hit
# Possible solutions:
#   Reduce memory load on the system
#   Increase physical memory or swap space
#   Check if swap backing store is full
#   Use 64 bit Java on a 64 bit OS
#   Decrease Java heap size (-Xmx/-Xms)
#   Decrease number of Java threads
#   Decrease Java thread stack sizes (-Xss)
#   Set larger code cache with -XX:ReservedCodeCacheSize=
# This output file may be truncated or incomplete.
#
#  Out of Memory Error (allocation.cpp:273), pid=11488, tid=11456
#
# JRE version: Java(TM) SE Runtime Environment (8.0_25-b18) (build 1.8.0_25-b18)
# Java VM: Java HotSpot(TM) 64-Bit Server VM (25.25-b02 mixed mode windows-amd64 compressed oops)
# Failed to write core dump. Minidumps are not enabled by default on client versions of Windows
#

---------------  T H R E A D  ---------------

Current thread (0x00000000177b5000):  JavaThread "C2 CompilerThread1" daemon [_thread_in_native, id=11456, stack(0x0000000017e80000,0x0000000017f80000)]

Stack: [0x0000000017e80000,0x0000000017f80000]
Native frames: (J=compiled Java code, j=interpreted, Vv=VM code, C=native code)
V  [jvm.dll+0x31667a]


Current CompileTask:
C2:    744  483       4       com.android.dx.util.MutabilityControl::throwIfImmutable (18 bytes)


---------------  P R O C E S S  ---------------

Java Threads: ( => current thread )
  0x00000000177ab800 JavaThread "Service Thread" daemon [_thread_blocked, id=7368, stack(0x0000000018180000,0x0000000018280000)]
  0x00000000177a6800 JavaThread "C1 CompilerThread3" daemon [_thread_in_native, id=8416, stack(0x0000000018080000,0x0000000018180000)]
  0x00000000177b6000 JavaThread "C2 CompilerThread2" daemon [_thread_in_vm, id=8608, stack(0x0000000017f80000,0x0000000018080000)]
=>0x00000000177b5000 JavaThread "C2 CompilerThread1" daemon [_thread_in_native, id=11456, stack(0x0000000017e80000,0x0000000017f80000)]
  0x00000000177b1000 JavaThread "C2 CompilerThread0" daemon [_thread_in_native, id=5064, stack(0x0000000017d80000,0x0000000017e80000)]
  0x00000000177b0000 JavaThread "Attach Listener" daemon [_thread_blocked, id=10472, stack(0x0000000017c80000,0x0000000017d80000)]
  0x00000000177ae800 JavaThread "Signal Dispatcher" daemon [_thread_blocked, id=5308, stack(0x0000000017b80000,0x0000000017c80000)]
  0x0000000002c67800 JavaThread "Finalizer" daemon [_thread_blocked, id=2128, stack(0x0000000017680000,0x0000000017780000)]
  0x000000001578c800 JavaThread "Reference Handler" daemon [_thread_blocked, id=8760, stack(0x0000000017580000,0x0000000017680000)]
  0x0000000002b71000 JavaThread "main" [_thread_in_vm, id=10464, stack(0x0000000002a00000,0x0000000002b00000)]

Other Threads:
  0x0000000015788800 VMThread [stack: 0x0000000017480000,0x0000000017580000] [id=10140]
  0x0000000017834000 WatcherThread [stack: 0x0000000018280000,0x0000000018380000] [id=9976]

VM state:not at safepoint (normal execution)

VM Mutex/Monitor currently owned by a thread: None

Heap:
 PSYoungGen      total 38400K, used 8662K [0x00000000eab00000, 0x00000000ed580000, 0x0000000100000000)
  eden space 33280K, 26% used [0x00000000eab00000,0x00000000eb375a78,0x00000000ecb80000)
  from space 5120K, 0% used [0x00000000ed080000,0x00000000ed080000,0x00000000ed580000)
  to   space 5120K, 0% used [0x00000000ecb80000,0x00000000ecb80000,0x00000000ed080000)
 ParOldGen       total 87552K, used 0K [0x00000000c0000000, 0x00000000c5580000, 0x00000000eab00000)
  object space 87552K, 0% used [0x00000000c0000000,0x00000000c0000000,0x00000000c5580000)
 Metaspace       used 4886K, capacity 6384K, committed 6528K, reserved 1056768K
  class space    used 531K, capacity 616K, committed 640K, reserved 1048576K

Card table byte_map: [0x0000000012030000,0x0000000012240000] byte_map_base: 0x0000000011a30000

Marking Bits: (ParMarkBitMap*) 0x000000006275d490
 Begin Bits: [0x0000000012ba0000, 0x0000000013ba0000)
 End Bits:   [0x0000000013ba0000, 0x0000000014ba0000)

Polling page: 0x0000000002880000

CodeCache: size=245760Kb used=1884Kb max_used=1884Kb free=243875Kb
 bounds [0x0000000002c70000, 0x0000000002ee0000, 0x0000000011c70000]
 total_blobs=734 nmethods=474 adapters=174
 compilation: enabled

Compilation events (10 events):
Event: 0.734 Thread 0x00000000177a6800 nmethod 471 0x0000000002e45e50 code [0x0000000002e45fc0, 0x0000000002e46328]
Event: 0.734 Thread 0x00000000177a6800  472       3       java.util.Collections$UnmodifiableCollection$1::<init> (26 bytes)
Event: 0.734 Thread 0x00000000177a6800 nmethod 472 0x0000000002e46490 code [0x0000000002e46600, 0x0000000002e468c8]
Event: 0.734 Thread 0x00000000177a6800  474       3       com.android.dx.cf.iface.StdAttributeList::findFirst (44 bytes)
Event: 0.735 Thread 0x00000000177a6800 nmethod 474 0x0000000002e469d0 code [0x0000000002e46b80, 0x0000000002e472f8]
Event: 0.735 Thread 0x00000000177a6800  473       3       com.android.dx.util.IntList::contains (14 bytes)
Event: 0.735 Thread 0x00000000177a6800 nmethod 473 0x0000000002e47590 code [0x0000000002e47700, 0x0000000002e47a88]
Event: 0.735 Thread 0x00000000177a6800  476       3       com.android.dx.ssa.SCCP::simulateBranch (666 bytes)
Event: 0.735 Thread 0x00000000177b1000  478       4       java.util.HashMap::getNode (148 bytes)
Event: 0.736 Thread 0x00000000177b5000  483       4       com.android.dx.util.MutabilityControl::throwIfImmutable (18 bytes)

GC Heap History (0 events):
No events

Deoptimization events (0 events):
No events

Internal exceptions (2 events):
Event: 0.042 Thread 0x0000000002b71000 Exception <a 'java/lang/NoSuchMethodError': Method sun.misc.Unsafe.defineClass(Ljava/lang/String;[BII)Ljava/lang/Class; name or signature does not match> (0x00000000eab0c7d8) thrown at [D:\re\workspace\8-2-build-windows-amd64-cygwin\jdk8u25\1677\hotspot\srk$‘•	M¥?
Event: 0.042 Thread 0x0000000002b71000 Exception <a 'java/lang/NoSuchMethodError': Method sun.misc.Unsafe.prefetchRead(Ljava/lang/Object;J)V name or signature does not match> (0x00000000eab0ca68) thrown at [D:\re\workspace\8-2-build-windows-amd64-cygwin\jdk8u25\1677\hotspot\src\share\vm\prims\j

Events (10 events):
Event: 0.729 loading class com/android/dx/dex/file/MethodAnnotationStruct
Event: 0.729 loading class com/android/dx/dex/file/MethodAnnotationStruct done
Event: 0.729 loading class com/android/dx/dex/file/AnnotationItem
Event: 0.729 loading class com/android/dx/dex/file/AnnotationItem done
Event: 0.730 loading class com/android/dx/dex/file/AnnotationItem$TypeIdSorter
Event: 0.730 loading class com/android/dx/dex/file/AnnotationItem$TypeIdSorter done
Event: 0.730 loading class com/android/dx/dex/file/TypeIdItem
Event: 0.730 loading class com/android/dx/dex/file/TypeIdItem done
Event: 0.731 loading class com/android/dx/dex/file/ValueEncoder
Event: 0.731 loading class com/android/dx/dex/file/ValueEncoder done


Dynamic libraries:
0x00007ff71bb80000 - 0x00007ff71bbb4000 	C:\PROGRA~1\Java\JDK18~1.0_2\bin\java.exe
0x00007fff42590000 - 0x00007fff4273c000 	C:\Windows\SYSTEM32\ntdll.dll
0x00007fff40780000 - 0x00007fff408ba000 	C:\Windows\system32\KERNEL32.DLL
0x00007fff3fc00000 - 0x00007fff3fd0f000 	C:\Windows\system32\KERNELBASE.dll
0x0000000063540000 - 0x00000000635d4000 	C:\Program Files\Bitdefender\Antivirus Free Edition\avc3\avc3_sig_296\avcuf64.dll
0x00007fff3e4e0000 - 0x00007fff3e568000 	C:\Windows\system32\apphelp.dll
0x00007fff2c470000 - 0x00007fff2c4bf000 	C:\Windows\AppPatch\AppPatch64\AcGenral.DLL
0x00007fff408c0000 - 0x00007fff40967000 	C:\Windows\system32\msvcrt.dll
0x00007fff3f740000 - 0x00007fff3f76b000 	C:\Windows\SYSTEM32\SspiCli.dll
0x00007fff40970000 - 0x00007fff409c1000 	C:\Windows\system32\SHLWAPI.dll
0x00007fff420d0000 - 0x00007fff42241000 	C:\Windows\system32\USER32.dll
0x00007fff40590000 - 0x00007fff40708000 	C:\Windows\system32\ole32.dll
0x00007fff40a30000 - 0x00007fff41e3f000 	C:\Windows\system32\SHELL32.dll
0x00007fff3f0d0000 - 0x00007fff3f0ee000 	C:\Windows\SYSTEM32\USERENV.dll
0x00007fff3fe20000 - 0x00007fff3fec5000 	C:\Windows\system32\ADVAPI32.dll
0x00007fff294a0000 - 0x00007fff294bb000 	C:\Windows\SYSTEM32\MPR.dll
0x00007fff42450000 - 0x00007fff42587000 	C:\Windows\system32\RPCRT4.dll
0x00007fff42250000 - 0x00007fff422a7000 	C:\Windows\SYSTEM32\sechost.dll
0x00007fff41ef0000 - 0x00007fff420c6000 	C:\Windows\SYSTEM32\combase.dll
0x00007fff3ffc0000 - 0x00007fff40104000 	C:\Windows\system32\GDI32.dll
0x00007fff3f900000 - 0x00007fff3f914000 	C:\Windows\SYSTEM32\profapi.dll
0x00007fff3db50000 - 0x00007fff3dbef000 	C:\Windows\SYSTEM32\SHCORE.dll
0x00007fff3fed0000 - 0x00007fff3ff04000 	C:\Windows\system32\IMM32.DLL
0x00007fff40450000 - 0x00007fff40589000 	C:\Windows\system32\MSCTF.dll
0x00007fff3d3e0000 - 0x00007fff3d63a000 	C:\Windows\WinSxS\amd64_microsoft.windows.common-controls_6595b64144ccf1df_6.0.9600.17031_none_6242a4b3ecbb55a1\COMCTL32.dll
0x0000000061ba0000 - 0x0000000061c72000 	C:\PROGRA~1\Java\JDK18~1.0_2\jre\bin\msvcr100.dll
0x0000000061f80000 - 0x00000000627da000 	C:\PROGRA~1\Java\JDK18~1.0_2\jre\bin\server\jvm.dll
0x00007fff2ddf0000 - 0x00007fff2ddf9000 	C:\Windows\SYSTEM32\WSOCK32.dll
0x00007fff3b560000 - 0x00007fff3b57f000 	C:\Windows\SYSTEM32\WINMM.dll
0x00007fff3fe10000 - 0x00007fff3fe17000 	C:\Windows\system32\PSAPI.DLL
0x00007fff40320000 - 0x00007fff40378000 	C:\Windows\system32\WS2_32.dll
0x00007fff3abd0000 - 0x00007fff3abfa000 	C:\Windows\SYSTEM32\WINMMBASE.dll
0x00007fff41ee0000 - 0x00007fff41ee9000 	C:\Windows\system32\NSI.dll
0x00007fff3f9d0000 - 0x00007fff3fa1a000 	C:\Windows\SYSTEM32\cfgmgr32.dll
0x00007fff3e760000 - 0x00007fff3e786000 	C:\Windows\SYSTEM32\DEVOBJ.dll
0x00000000630d0000 - 0x00000000630df000 	C:\PROGRA~1\Java\JDK18~1.0_2\jre\bin\verify.dll
0x00000000630a0000 - 0x00000000630c8000 	C:\PROGRA~1\Java\JDK18~1.0_2\jre\bin\java.dll
0x0000000063080000 - 0x0000000063096000 	C:\PROGRA~1\Java\JDK18~1.0_2\jre\bin\zip.dll
0x00007fff3e350000 - 0x00007fff3e4d8000 	C:\Windows\SYSTEM32\dbghelp.dll

VM Arguments:
jvm_args: -Xmx1024M -Xss1m -Djava.ext.dirs=E:\androidsdk\build-tools\21.1.2\lib 
java_command: E:\androidsdk\build-tools\21.1.2\lib\dx.jar --dex --output C:\Users\Alex\AndroidProjects\InstantTrivia\app\build\intermediates\pre-dexed\debug\classes-1c097e1c9f49ea3b7b21819ea7d3d0f7ffddfa80.jar C:\Users\Alex\AndroidProjects\InstantTrivia\app\build\intermediates\exploded-aar\InstantTrivia\BaseGameUtils\unspecified\classes.jar
java_class_path (initial): E:\androidsdk\build-tools\21.1.2\lib\dx.jar
Launcher Type: SUN_STANDARD

Environment Variables:
JAVA_HOME=C:\Program Files\Java\jdk1.8.0_25
PATH=C:\Program Files (x86)\EasyPHP-DevServer-14.1VC11\binaries\php\php_runningversion;C:\ProgramData\Oracle\Java\javapath;C:\Program Files (x86)\NVIDIA Corporation\PhysX\Common;C:\Program Files (x86)\Intel\iCLS Client\;C:\Program Files\Intel\iCLS Client\;C:\Windows\system32;C:\Windows;C:\Windows\System32\Wbem;C:\Windows\System32\WindowsPowerShell\v1.0\;C:\Program Files\Intel\Intel(R) Management Engine Components\DAL;C:\Program Files\Intel\Intel(R) Management Engine Components\IPT;C:\Program Files (x86)\Intel\Intel(R) Management Engine Components\DAL;C:\Program Files (x86)\Intel\Intel(R) Management Engine Components\IPT;C:\Program Files\Intel\WiFi\bin\;C:\Program Files\Common Files\Intel\WirelessCommon\;C:\Program Files (x86)\Windows Live\Shared;C:\Transas\IBS\Horus\;C:\Transas\IBS\Shared\
USERNAME=Alex
OS=Windows_NT
PROCESSOR_IDENTIFIER=Intel64 Family 6 Model 60 Stepping 3, GenuineIntel



---------------  S Y S T E M  ---------------

OS: Windows 8.1 , 64 bit Build 9600 

CPU:total 8 (4 cores per cpu, 2 threads per core) family 6 model 60 stepping 3, cmov, cx8, fxsr, mmx, sse, sse2, sse3, ssse3, sse4.1, sse4.2, popcnt, avx, avx2, aes, clmul, erms, lzcnt, ht, tsc, tscinvbit, bmi1, bmi2

Memory: 4k page, physical 8310872k(1876152k free), swap 11456600k(4800k free)

vm_info: Java HotSpot(TM) 64-Bit Server VM (25.25-b02) for windows-amd64 JRE (1.8.0_25-b18), built on Oct  7 2014 14:25:37 by "java_re" with MS VC++ 10.0 (VS2010)

time: Thu Feb 12 00:56:16 2015
elapsed time: 0 seconds (0d 0h 0m 0s)

