#
# There is insufficient memory for the Java Runtime Environment to continue.
# Native memory allocation (malloc) failed to allocate 436496 bytes for Chunk::new
# Possible reasons:
#   The system is out of physical RAM or swap space
#   In 32 bit mode, the process size limit was hit
# Possible solutions:
#   Reduce memory load on the system
#   Increase physical memory or swap space
#   Check if swap backing store is full
#   Use 64 bit Java on a 64 bit OS
#   Decrease Java heap size (-Xmx/-Xms)
#   Decrease number of Java threads
#   Decrease Java thread stack sizes (-Xss)
#   Set larger code cache with -XX:ReservedCodeCacheSize=
# This output file may be truncated or incomplete.
#
#  Out of Memory Error (allocation.cpp:390), pid=8080, tid=10880
#
# JRE version: Java(TM) SE Runtime Environment (8.0_25-b18) (build 1.8.0_25-b18)
# Java VM: Java HotSpot(TM) 64-Bit Server VM (25.25-b02 mixed mode windows-amd64 compressed oops)
# Failed to write core dump. Minidumps are not enabled by default on client versions of Windows
#

---------------  T H R E A D  ---------------

Current thread (0x0000000017406800):  JavaThread "C2 CompilerThread2" daemon [_thread_in_native, id=10880, stack(0x0000000017bd0000,0x0000000017cd0000)]

Stack: [0x0000000017bd0000,0x0000000017cd0000]
Native frames: (J=compiled Java code, j=interpreted, Vv=VM code, C=native code)
V  [jvm.dll+0x31667a]
V  [jvm.dll+0x267073]
V  [jvm.dll+0x267cb3]
V  [jvm.dll+0x25f5b5]
V  [jvm.dll+0xbf165]
V  [jvm.dll+0xbf60c]
V  [jvm.dll+0x478fbc]
V  [jvm.dll+0x4463eb]
V  [jvm.dll+0x45130e]
V  [jvm.dll+0x4538f8]
V  [jvm.dll+0x437372]
V  [jvm.dll+0x98a02]
V  [jvm.dll+0x991f3]
V  [jvm.dll+0x22bde4]
V  [jvm.dll+0x2852fa]
C  [msvcr100.dll+0x21d9f]
C  [msvcr100.dll+0x21e3b]
C  [KERNEL32.DLL+0x16ad]
C  [ntdll.dll+0x6eb64]


Current CompileTask:
C2:    710  667       4       com.android.dx.ssa.SsaBasicBlock::forEachInsn (37 bytes)


---------------  P R O C E S S  ---------------

Java Threads: ( => current thread )
  0x0000000017486000 JavaThread "Service Thread" daemon [_thread_blocked, id=4092, stack(0x0000000017dd0000,0x0000000017ed0000)]
  0x00000000173f9800 JavaThread "C1 CompilerThread3" daemon [_thread_in_native, id=4780, stack(0x0000000017cd0000,0x0000000017dd0000)]
=>0x0000000017406800 JavaThread "C2 CompilerThread2" daemon [_thread_in_native, id=10880, stack(0x0000000017bd0000,0x0000000017cd0000)]
  0x0000000017405800 JavaThread "C2 CompilerThread1" daemon [_thread_in_native, id=1532, stack(0x0000000017ad0000,0x0000000017bd0000)]
  0x0000000017401000 JavaThread "C2 CompilerThread0" daemon [_thread_in_native, id=7232, stack(0x00000000179d0000,0x0000000017ad0000)]
  0x0000000017400000 JavaThread "Attach Listener" daemon [_thread_blocked, id=10560, stack(0x00000000178d0000,0x00000000179d0000)]
  0x00000000173fe800 JavaThread "Signal Dispatcher" daemon [_thread_blocked, id=8440, stack(0x00000000177d0000,0x00000000178d0000)]
  0x0000000002897800 JavaThread "Finalizer" daemon [_thread_blocked, id=2956, stack(0x00000000172c0000,0x00000000173c0000)]
  0x00000000153ec800 JavaThread "Reference Handler" daemon [_thread_blocked, id=6532, stack(0x00000000171c0000,0x00000000172c0000)]
  0x00000000027a1000 JavaThread "main" [_thread_in_Java, id=3864, stack(0x00000000026a0000,0x00000000027a0000)]

Other Threads:
  0x00000000153e8800 VMThread [stack: 0x00000000170c0000,0x00000000171c0000] [id=12244]
  0x0000000017487000 WatcherThread [stack: 0x0000000017ed0000,0x0000000017fd0000] [id=11352]

VM state:synchronizing (normal execution)

VM Mutex/Monitor currently owned by a thread:  ([mutex/lock_event])
[0x000000000258c230] Safepoint_lock - owner thread: 0x00000000153e8800
[0x000000000258c3b0] Threads_lock - owner thread: 0x00000000153e8800
[0x000000000258c630] CompiledIC_lock - owner thread: 0x00000000027a1000

Heap:
 PSYoungGen      total 38400K, used 13315K [0x00000000eab00000, 0x00000000ed580000, 0x0000000100000000)
  eden space 33280K, 40% used [0x00000000eab00000,0x00000000eb800c20,0x00000000ecb80000)
  from space 5120K, 0% used [0x00000000ed080000,0x00000000ed080000,0x00000000ed580000)
  to   space 5120K, 0% used [0x00000000ecb80000,0x00000000ecb80000,0x00000000ed080000)
 ParOldGen       total 87552K, used 0K [0x00000000c0000000, 0x00000000c5580000, 0x00000000eab00000)
  object space 87552K, 0% used [0x00000000c0000000,0x00000000c0000000,0x00000000c5580000)
 Metaspace       used 5230K, capacity 6640K, committed 6784K, reserved 1056768K
  class space    used 537K, capacity 616K, committed 640K, reserved 1048576K

Card table byte_map: [0x0000000011c70000,0x0000000011e80000] byte_map_base: 0x0000000011670000

Marking Bits: (ParMarkBitMap*) 0x000000006275d490
 Begin Bits: [0x00000000127e0000, 0x00000000137e0000)
 End Bits:   [0x00000000137e0000, 0x00000000147e0000)

Polling page: 0x0000000000db0000

CodeCache: size=245760Kb used=3312Kb max_used=3312Kb free=242447Kb
 bounds [0x00000000028b0000, 0x0000000002bf0000, 0x00000000118b0000]
 total_blobs=1062 nmethods=802 adapters=174
 compilation: enabled

Compilation events (10 events):
Event: 0.680 Thread 0x00000000173f9800 nmethod 755 0x0000000002bbf310 code [0x0000000002bbf460, 0x0000000002bbf5b0]
Event: 0.680 Thread 0x00000000173f9800  756       3       com.android.dx.ssa.DeadCodeRemover::isCircularNoSideEffect (140 bytes)
Event: 0.681 Thread 0x00000000173f9800 nmethod 756 0x0000000002bc7dd0 code [0x0000000002bc8060, 0x0000000002bc9128]
Event: 0.681 Thread 0x00000000173f9800  764       3       com.android.dx.ssa.back.LivenessAnalyzer::run (231 bytes)
Event: 0.682 Thread 0x0000000017405800 nmethod 757 0x0000000002bbef90 code [0x0000000002bbf0e0, 0x0000000002bbf1f8]
Event: 0.682 Thread 0x0000000017405800  763       4       com.android.dx.ssa.back.LivenessAnalyzer::handleTailRecursion (94 bytes)
Event: 0.682 Thread 0x00000000173f9800 nmethod 764 0x0000000002bca290 code [0x0000000002bca5a0, 0x0000000002bcbc48]
Event: 0.682 Thread 0x00000000173f9800  765       3       java.util.ArrayList::indexOf (67 bytes)
Event: 0.683 Thread 0x00000000173f9800 nmethod 765 0x0000000002bc1650 code [0x0000000002bc17e0, 0x0000000002bc1ca8]
Event: 0.683 Thread 0x00000000173f9800  759       3       com.android.dx.ssa.SetFactory::makeInterferenceSet (26 bytes)

GC Heap History (0 events):
No events

Deoptimization events (4 events):
Event: 0.554 Thread 0x00000000027a1000 Uncommon trap: reason=class_check action=maybe_recompile pc=0x0000000002b144f0 method=com.android.dx.ssa.NormalSsaInsn.accept(Lcom/android/dx/ssa/SsaInsn$Visitor;)V @ 9
Event: 0.554 Thread 0x00000000027a1000 Uncommon trap: reason=class_check action=maybe_recompile pc=0x0000000002b144f0 method=com.android.dx.ssa.NormalSsaInsn.accept(Lcom/android/dx/ssa/SsaInsn$Visitor;)V @ 9
Event: 0.554 Thread 0x00000000027a1000 Uncommon trap: reason=class_check action=maybe_recompile pc=0x0000000002b144f0 method=com.android.dx.ssa.NormalSsaInsn.accept(Lcom/android/dx/ssa/SsaInsn$Visitor;)V @ 9
Event: 0.554 Thread 0x00000000027a1000 Uncommon trap: reason=class_check action=maybe_recompile pc=0x0000000002b144f0 method=com.android.dx.ssa.NormalSsaInsn.accept(Lcom/android/dx/ssa/SsaInsn$Visitor;)V @ 9

Internal exceptions (2 events):
Event: 0.037 Thread 0x00000000027a1000 Exception <a 'java/lang/NoSuchMethodError': Method sun.misc.Unsafe.defineClass(Ljava/lang/String;[BII)Ljava/lang/Class; name or signature does not match> (0x00000000eab0c7d8) thrown at [D:\re\workspace\8-2-build-windows-amd64-cygwin\jdk8u25\1677\hotspot\srøOx;ç
£?
Event: 0.037 Thread 0x00000000027a1000 Exception <a 'java/lang/NoSuchMethodError': Method sun.misc.Unsafe.prefetchRead(Ljava/lang/Object;J)V name or signature does not match> (0x00000000eab0ca68) thrown at [D:\re\workspace\8-2-build-windows-amd64-cygwin\jdk8u25\1677\hotspot\src\share\vm\prims\j

Events (10 events):
Event: 0.554 Thread 0x00000000027a1000 DEOPT UNPACKING pc=0x00000000028f556a sp=0x000000000279e170 mode 2
Event: 0.554 Thread 0x00000000027a1000 Uncommon trap: trap_request=0xffffffde fr.pc=0x0000000002b144f0
Event: 0.554 Thread 0x00000000027a1000 DEOPT PACKING pc=0x0000000002b144f0 sp=0x000000000279e4f0
Event: 0.554 Thread 0x00000000027a1000 DEOPT UNPACKING pc=0x00000000028f556a sp=0x000000000279e480 mode 2
Event: 0.558 loading class java/util/TreeMap$EntrySet
Event: 0.558 loading class java/util/TreeMap$EntrySet done
Event: 0.558 loading class java/util/TreeMap$EntryIterator
Event: 0.558 loading class java/util/TreeMap$EntryIterator done
Event: 0.563 loading class java/util/ArrayList$1
Event: 0.564 loading class java/util/ArrayList$1 done


Dynamic libraries:
0x00007ff71bb80000 - 0x00007ff71bbb4000 	C:\PROGRA~1\Java\JDK18~1.0_2\bin\java.exe
0x00007fff42590000 - 0x00007fff4273c000 	C:\Windows\SYSTEM32\ntdll.dll
0x00007fff40780000 - 0x00007fff408ba000 	C:\Windows\system32\KERNEL32.DLL
0x00007fff3fc00000 - 0x00007fff3fd0f000 	C:\Windows\system32\KERNELBASE.dll
0x0000000063540000 - 0x00000000635d4000 	C:\Program Files\Bitdefender\Antivirus Free Edition\avc3\avc3_sig_296\avcuf64.dll
0x00007fff3e4e0000 - 0x00007fff3e568000 	C:\Windows\system32\apphelp.dll
0x00007fff2c470000 - 0x00007fff2c4bf000 	C:\Windows\AppPatch\AppPatch64\AcGenral.DLL
0x00007fff408c0000 - 0x00007fff40967000 	C:\Windows\system32\msvcrt.dll
0x00007fff3f740000 - 0x00007fff3f76b000 	C:\Windows\SYSTEM32\SspiCli.dll
0x00007fff40970000 - 0x00007fff409c1000 	C:\Windows\system32\SHLWAPI.dll
0x00007fff420d0000 - 0x00007fff42241000 	C:\Windows\system32\USER32.dll
0x00007fff40590000 - 0x00007fff40708000 	C:\Windows\system32\ole32.dll
0x00007fff40a30000 - 0x00007fff41e3f000 	C:\Windows\system32\SHELL32.dll
0x00007fff3f0d0000 - 0x00007fff3f0ee000 	C:\Windows\SYSTEM32\USERENV.dll
0x00007fff3fe20000 - 0x00007fff3fec5000 	C:\Windows\system32\ADVAPI32.dll
0x00007fff294a0000 - 0x00007fff294bb000 	C:\Windows\SYSTEM32\MPR.dll
0x00007fff42450000 - 0x00007fff42587000 	C:\Windows\system32\RPCRT4.dll
0x00007fff42250000 - 0x00007fff422a7000 	C:\Windows\SYSTEM32\sechost.dll
0x00007fff41ef0000 - 0x00007fff420c6000 	C:\Windows\SYSTEM32\combase.dll
0x00007fff3ffc0000 - 0x00007fff40104000 	C:\Windows\system32\GDI32.dll
0x00007fff3f900000 - 0x00007fff3f914000 	C:\Windows\SYSTEM32\profapi.dll
0x00007fff3db50000 - 0x00007fff3dbef000 	C:\Windows\SYSTEM32\SHCORE.dll
0x00007fff3fed0000 - 0x00007fff3ff04000 	C:\Windows\system32\IMM32.DLL
0x00007fff40450000 - 0x00007fff40589000 	C:\Windows\system32\MSCTF.dll
0x00007fff3d3e0000 - 0x00007fff3d63a000 	C:\Windows\WinSxS\amd64_microsoft.windows.common-controls_6595b64144ccf1df_6.0.9600.17031_none_6242a4b3ecbb55a1\COMCTL32.dll
0x0000000061ba0000 - 0x0000000061c72000 	C:\PROGRA~1\Java\JDK18~1.0_2\jre\bin\msvcr100.dll
0x0000000061f80000 - 0x00000000627da000 	C:\PROGRA~1\Java\JDK18~1.0_2\jre\bin\server\jvm.dll
0x00007fff2ddf0000 - 0x00007fff2ddf9000 	C:\Windows\SYSTEM32\WSOCK32.dll
0x00007fff3b560000 - 0x00007fff3b57f000 	C:\Windows\SYSTEM32\WINMM.dll
0x00007fff3fe10000 - 0x00007fff3fe17000 	C:\Windows\system32\PSAPI.DLL
0x00007fff40320000 - 0x00007fff40378000 	C:\Windows\system32\WS2_32.dll
0x00007fff3abd0000 - 0x00007fff3abfa000 	C:\Windows\SYSTEM32\WINMMBASE.dll
0x00007fff41ee0000 - 0x00007fff41ee9000 	C:\Windows\system32\NSI.dll
0x00007fff3f9d0000 - 0x00007fff3fa1a000 	C:\Windows\SYSTEM32\cfgmgr32.dll
0x00007fff3e760000 - 0x00007fff3e786000 	C:\Windows\SYSTEM32\DEVOBJ.dll
0x00000000630d0000 - 0x00000000630df000 	C:\PROGRA~1\Java\JDK18~1.0_2\jre\bin\verify.dll
0x00000000630a0000 - 0x00000000630c8000 	C:\PROGRA~1\Java\JDK18~1.0_2\jre\bin\java.dll
0x0000000063080000 - 0x0000000063096000 	C:\PROGRA~1\Java\JDK18~1.0_2\jre\bin\zip.dll
0x00007fff3e350000 - 0x00007fff3e4d8000 	C:\Windows\SYSTEM32\dbghelp.dll

VM Arguments:
jvm_args: -Xmx1024M -Xss1m -Djava.ext.dirs=E:\androidsdk\build-tools\21.1.2\lib 
java_command: E:\androidsdk\build-tools\21.1.2\lib\dx.jar --dex --output C:\Users\Alex\AndroidProjects\InstantTrivia\app\build\intermediates\pre-dexed\debug\classes-c2584b1307455b76568eae04137b069acb185565.jar C:\Users\Alex\AndroidProjects\InstantTrivia\app\build\intermediates\exploded-aar\com.android.support\appcompat-v7\21.0.3\classes.jar
java_class_path (initial): E:\androidsdk\build-tools\21.1.2\lib\dx.jar
Launcher Type: SUN_STANDARD

Environment Variables:
JAVA_HOME=C:\Program Files\Java\jdk1.8.0_25
PATH=C:\Program Files (x86)\EasyPHP-DevServer-14.1VC11\binaries\php\php_runningversion;C:\ProgramData\Oracle\Java\javapath;C:\Program Files (x86)\NVIDIA Corporation\PhysX\Common;C:\Program Files (x86)\Intel\iCLS Client\;C:\Program Files\Intel\iCLS Client\;C:\Windows\system32;C:\Windows;C:\Windows\System32\Wbem;C:\Windows\System32\WindowsPowerShell\v1.0\;C:\Program Files\Intel\Intel(R) Management Engine Components\DAL;C:\Program Files\Intel\Intel(R) Management Engine Components\IPT;C:\Program Files (x86)\Intel\Intel(R) Management Engine Components\DAL;C:\Program Files (x86)\Intel\Intel(R) Management Engine Components\IPT;C:\Program Files\Intel\WiFi\bin\;C:\Program Files\Common Files\Intel\WirelessCommon\;C:\Program Files (x86)\Windows Live\Shared;C:\Transas\IBS\Horus\;C:\Transas\IBS\Shared\
USERNAME=Alex
OS=Windows_NT
PROCESSOR_IDENTIFIER=Intel64 Family 6 Model 60 Stepping 3, GenuineIntel



---------------  S Y S T E M  ---------------

OS: Windows 8.1 , 64 bit Build 9600 

CPU:total 8 (4 cores per cpu, 2 threads per core) family 6 model 60 stepping 3, cmov, cx8, fxsr, mmx, sse, sse2, sse3, ssse3, sse4.1, sse4.2, popcnt, avx, avx2, aes, clmul, erms, lzcnt, ht, tsc, tscinvbit, bmi1, bmi2

Memory: 4k page, physical 8310872k(1878216k free), swap 11456600k(5168k free)

vm_info: Java HotSpot(TM) 64-Bit Server VM (25.25-b02) for windows-amd64 JRE (1.8.0_25-b18), built on Oct  7 2014 14:25:37 by "java_re" with MS VC++ 10.0 (VS2010)

time: Thu Feb 12 00:56:16 2015
elapsed time: 0 seconds (0d 0h 0m 0s)

