#
# There is insufficient memory for the Java Runtime Environment to continue.
# Native memory allocation (malloc) failed to allocate 1048576 bytes for AllocateHeap
# Possible reasons:
#   The system is out of physical RAM or swap space
#   In 32 bit mode, the process size limit was hit
# Possible solutions:
#   Reduce memory load on the system
#   Increase physical memory or swap space
#   Check if swap backing store is full
#   Use 64 bit Java on a 64 bit OS
#   Decrease Java heap size (-Xmx/-Xms)
#   Decrease number of Java threads
#   Decrease Java thread stack sizes (-Xss)
#   Set larger code cache with -XX:ReservedCodeCacheSize=
# This output file may be truncated or incomplete.
#
#  Out of Memory Error (memory/allocation.inline.hpp:62), pid=12220, tid=11928
#
# JRE version:  (8.0_31-b13) (build )
# Java VM: Java HotSpot(TM) 64-Bit Server VM (25.31-b07 mixed mode windows-amd64 compressed oops)
# Failed to write core dump. Minidumps are not enabled by default on client versions of Windows
#

---------------  T H R E A D  ---------------

Current thread (0x0000000002d00800):  JavaThread "Unknown thread" [_thread_in_vm, id=11928, stack(0x0000000002c00000,0x0000000002d00000)]

Stack: [0x0000000002c00000,0x0000000002d00000]
Native frames: (J=compiled Java code, j=interpreted, Vv=VM code, C=native code)
V  [jvm.dll+0x3169ba]
V  [jvm.dll+0x2674c3]
V  [jvm.dll+0x268103]
V  [jvm.dll+0x25f8f5]
V  [jvm.dll+0x25e94f]
V  [jvm.dll+0x3d6aac]
V  [jvm.dll+0x3d2017]
V  [jvm.dll+0xe54d2]
V  [jvm.dll+0x1fa089]
V  [jvm.dll+0x22b694]
V  [jvm.dll+0x14d8c1]
C  [java.exe+0x20b6]
C  [java.exe+0xc9bb]
C  [java.exe+0xca4f]
C  [KERNEL32.DLL+0x16ad]
C  [ntdll.dll+0x6eb64]


---------------  P R O C E S S  ---------------

Java Threads: ( => current thread )

Other Threads:

=>0x0000000002d00800 (exited) JavaThread "Unknown thread" [_thread_in_vm, id=11928, stack(0x0000000002c00000,0x0000000002d00000)]

VM state:not at safepoint (normal execution)

VM Mutex/Monitor currently owned by a thread: None

Heap:
 PSYoungGen      total 38400K, used 665K [0x00000000d5b80000, 0x00000000d8600000, 0x0000000100000000)
  eden space 33280K, 2% used [0x00000000d5b80000,0x00000000d5c26670,0x00000000d7c00000)
  from space 5120K, 0% used [0x00000000d8100000,0x00000000d8100000,0x00000000d8600000)
  to   space 5120K, 0% used [0x00000000d7c00000,0x00000000d7c00000,0x00000000d8100000)
 ParOldGen       total 87552K, used 0K [0x0000000081200000, 0x0000000086780000, 0x00000000d5b80000)
  object space 87552K, 0% used [0x0000000081200000,0x0000000081200000,0x0000000086780000)
 Metaspace       used 657K, capacity 4480K, committed 4480K, reserved 1056768K
  class space    used 67K, capacity 384K, committed 384K, reserved 1048576K

Card table byte_map: [0x00000000121c0000,0x00000000125c0000] byte_map_base: 0x0000000011db7000

Marking Bits: (ParMarkBitMap*) 0x000000006197d4f0
 Begin Bits: [0x0000000013070000, 0x0000000015028000)
 End Bits:   [0x0000000015028000, 0x0000000016fe0000)

Polling page: 0x0000000002af0000

CodeCache: size=245760Kb used=327Kb max_used=327Kb free=245432Kb
 bounds [0x0000000002e00000, 0x0000000003070000, 0x0000000011e00000]
 total_blobs=56 nmethods=0 adapters=37
 compilation: enabled

Compilation events (0 events):
No events

GC Heap History (0 events):
No events

Deoptimization events (0 events):
No events

Internal exceptions (0 events):
No events

Events (10 events):
Event: 0.051 loading class java/lang/Short
Event: 0.051 loading class java/lang/Short done
Event: 0.051 loading class java/lang/Integer
Event: 0.051 loading class java/lang/Integer done
Event: 0.051 loading class java/lang/Long
Event: 0.052 loading class java/lang/Long done
Event: 0.052 loading class java/lang/NullPointerException
Event: 0.053 loading class java/lang/NullPointerException done
Event: 0.053 loading class java/lang/ArithmeticException
Event: 0.053 loading class java/lang/ArithmeticException done


Dynamic libraries:
0x00007ff67cfb0000 - 0x00007ff67cfe4000 	C:\ProgramData\Oracle\Java\javapath\java.exe
0x00007fff42590000 - 0x00007fff4273c000 	C:\Windows\SYSTEM32\ntdll.dll
0x00007fff40780000 - 0x00007fff408ba000 	C:\Windows\system32\KERNEL32.DLL
0x00007fff3fc00000 - 0x00007fff3fd0f000 	C:\Windows\system32\KERNELBASE.dll
0x0000000063540000 - 0x00000000635d4000 	C:\Program Files\Bitdefender\Antivirus Free Edition\avc3\avc3_sig_296\avcuf64.dll
0x00007fff3e4e0000 - 0x00007fff3e568000 	C:\Windows\system32\apphelp.dll
0x00007fff2c470000 - 0x00007fff2c4bf000 	C:\Windows\AppPatch\AppPatch64\AcGenral.DLL
0x00007fff408c0000 - 0x00007fff40967000 	C:\Windows\system32\msvcrt.dll
0x00007fff3f740000 - 0x00007fff3f76b000 	C:\Windows\SYSTEM32\SspiCli.dll
0x00007fff40970000 - 0x00007fff409c1000 	C:\Windows\system32\SHLWAPI.dll
0x00007fff420d0000 - 0x00007fff42241000 	C:\Windows\system32\USER32.dll
0x00007fff40590000 - 0x00007fff40708000 	C:\Windows\system32\ole32.dll
0x00007fff40a30000 - 0x00007fff41e3f000 	C:\Windows\system32\SHELL32.dll
0x00007fff3f0d0000 - 0x00007fff3f0ee000 	C:\Windows\SYSTEM32\USERENV.dll
0x00007fff3fe20000 - 0x00007fff3fec5000 	C:\Windows\system32\ADVAPI32.dll
0x00007fff294a0000 - 0x00007fff294bb000 	C:\Windows\SYSTEM32\MPR.dll
0x00007fff42450000 - 0x00007fff42587000 	C:\Windows\system32\RPCRT4.dll
0x00007fff42250000 - 0x00007fff422a7000 	C:\Windows\SYSTEM32\sechost.dll
0x00007fff41ef0000 - 0x00007fff420c6000 	C:\Windows\SYSTEM32\combase.dll
0x00007fff3ffc0000 - 0x00007fff40104000 	C:\Windows\system32\GDI32.dll
0x00007fff3f900000 - 0x00007fff3f914000 	C:\Windows\SYSTEM32\profapi.dll
0x00007fff3db50000 - 0x00007fff3dbef000 	C:\Windows\SYSTEM32\SHCORE.dll
0x00007fff3fed0000 - 0x00007fff3ff04000 	C:\Windows\system32\IMM32.DLL
0x00007fff40450000 - 0x00007fff40589000 	C:\Windows\system32\MSCTF.dll
0x00007fff3d3e0000 - 0x00007fff3d63a000 	C:\Windows\WinSxS\amd64_microsoft.windows.common-controls_6595b64144ccf1df_6.0.9600.17031_none_6242a4b3ecbb55a1\COMCTL32.dll
0x0000000061a00000 - 0x0000000061ad2000 	C:\Program Files\Java\jre1.8.0_31\bin\msvcr100.dll
0x00000000611a0000 - 0x00000000619fa000 	C:\Program Files\Java\jre1.8.0_31\bin\server\jvm.dll
0x00007fff2ddf0000 - 0x00007fff2ddf9000 	C:\Windows\SYSTEM32\WSOCK32.dll
0x00007fff3b560000 - 0x00007fff3b57f000 	C:\Windows\SYSTEM32\WINMM.dll
0x00007fff3fe10000 - 0x00007fff3fe17000 	C:\Windows\system32\PSAPI.DLL
0x00007fff40320000 - 0x00007fff40378000 	C:\Windows\system32\WS2_32.dll
0x00007fff3abd0000 - 0x00007fff3abfa000 	C:\Windows\SYSTEM32\WINMMBASE.dll
0x00007fff41ee0000 - 0x00007fff41ee9000 	C:\Windows\system32\NSI.dll
0x00007fff3f9d0000 - 0x00007fff3fa1a000 	C:\Windows\SYSTEM32\cfgmgr32.dll
0x00007fff3e760000 - 0x00007fff3e786000 	C:\Windows\SYSTEM32\DEVOBJ.dll
0x0000000061190000 - 0x000000006119f000 	C:\Program Files\Java\jre1.8.0_31\bin\verify.dll
0x0000000061160000 - 0x0000000061188000 	C:\Program Files\Java\jre1.8.0_31\bin\java.dll
0x0000000061140000 - 0x0000000061156000 	C:\Program Files\Java\jre1.8.0_31\bin\zip.dll
0x00007fff3e350000 - 0x00007fff3e4d8000 	C:\Windows\SYSTEM32\dbghelp.dll

VM Arguments:
java_command: <unknown>
java_class_path (initial): .
Launcher Type: SUN_STANDARD

Environment Variables:
JAVA_HOME=C:\Program Files\Java\jdk1.8.0_25
PATH=C:\Program Files (x86)\EasyPHP-DevServer-14.1VC11\binaries\php\php_runningversion;C:\ProgramData\Oracle\Java\javapath;C:\Program Files (x86)\NVIDIA Corporation\PhysX\Common;C:\Program Files (x86)\Intel\iCLS Client\;C:\Program Files\Intel\iCLS Client\;C:\Windows\system32;C:\Windows;C:\Windows\System32\Wbem;C:\Windows\System32\WindowsPowerShell\v1.0\;C:\Program Files\Intel\Intel(R) Management Engine Components\DAL;C:\Program Files\Intel\Intel(R) Management Engine Components\IPT;C:\Program Files (x86)\Intel\Intel(R) Management Engine Components\DAL;C:\Program Files (x86)\Intel\Intel(R) Management Engine Components\IPT;C:\Program Files\Intel\WiFi\bin\;C:\Program Files\Common Files\Intel\WirelessCommon\;C:\Program Files (x86)\Windows Live\Shared;C:\Transas\IBS\Horus\;C:\Transas\IBS\Shared\
USERNAME=Alex
OS=Windows_NT
PROCESSOR_IDENTIFIER=Intel64 Family 6 Model 60 Stepping 3, GenuineIntel



---------------  S Y S T E M  ---------------

OS: Windows 8.1 , 64 bit Build 9600 

CPU:total 8 (4 cores per cpu, 2 threads per core) family 6 model 60 stepping 3, cmov, cx8, fxsr, mmx, sse, sse2, sse3, ssse3, sse4.1, sse4.2, popcnt, avx, avx2, aes, clmul, erms, lzcnt, ht, tsc, tscinvbit, bmi1, bmi2

Memory: 4k page, physical 8310872k(938412k free), swap 11456600k(236644k free)

vm_info: Java HotSpot(TM) 64-Bit Server VM (25.31-b07) for windows-amd64 JRE (1.8.0_31-b13), built on Dec 17 2014 21:00:28 by "java_re" with MS VC++ 10.0 (VS2010)

time: Wed Feb 11 23:19:39 2015
elapsed time: 0 seconds (0d 0h 0m 0s)

