#
# There is insufficient memory for the Java Runtime Environment to continue.
# Native memory allocation (malloc) failed to allocate 286064 bytes for Chunk::new
# Possible reasons:
#   The system is out of physical RAM or swap space
#   In 32 bit mode, the process size limit was hit
# Possible solutions:
#   Reduce memory load on the system
#   Increase physical memory or swap space
#   Check if swap backing store is full
#   Use 64 bit Java on a 64 bit OS
#   Decrease Java heap size (-Xmx/-Xms)
#   Decrease number of Java threads
#   Decrease Java thread stack sizes (-Xss)
#   Set larger code cache with -XX:ReservedCodeCacheSize=
# This output file may be truncated or incomplete.
#
#  Out of Memory Error (allocation.cpp:390), pid=10504, tid=11324
#
# JRE version: Java(TM) SE Runtime Environment (8.0_31-b13) (build 1.8.0_31-b13)
# Java VM: Java HotSpot(TM) 64-Bit Server VM (25.31-b07 mixed mode windows-amd64 compressed oops)
# Failed to write core dump. Minidumps are not enabled by default on client versions of Windows
#

---------------  T H R E A D  ---------------

Current thread (0x0000000016bbc800):  JavaThread "C2 CompilerThread2" daemon [_thread_in_native, id=11324, stack(0x0000000017380000,0x0000000017480000)]

Stack: [0x0000000017380000,0x0000000017480000]
Native frames: (J=compiled Java code, j=interpreted, Vv=VM code, C=native code)
V  [jvm.dll+0x3169ba]


Current CompileTask:
C2:   9143 2644       4       com.android.dx.dex.file.DebugInfoEncoder::emitHeader (530 bytes)


---------------  P R O C E S S  ---------------

Java Threads: ( => current thread )
  0x0000000016c45800 JavaThread "Service Thread" daemon [_thread_blocked, id=11684, stack(0x0000000017580000,0x0000000017680000)]
  0x0000000016bbf000 JavaThread "C1 CompilerThread3" daemon [_thread_blocked, id=12188, stack(0x0000000017480000,0x0000000017580000)]
=>0x0000000016bbc800 JavaThread "C2 CompilerThread2" daemon [_thread_in_native, id=11324, stack(0x0000000017380000,0x0000000017480000)]
  0x0000000016ba9800 JavaThread "C2 CompilerThread1" daemon [_thread_in_native, id=10480, stack(0x0000000017280000,0x0000000017380000)]
  0x0000000016ba6000 JavaThread "C2 CompilerThread0" daemon [_thread_in_native, id=8936, stack(0x0000000017180000,0x0000000017280000)]
  0x0000000016baf800 JavaThread "Attach Listener" daemon [_thread_blocked, id=6680, stack(0x0000000017080000,0x0000000017180000)]
  0x0000000016bae800 JavaThread "Signal Dispatcher" daemon [_thread_blocked, id=11116, stack(0x0000000016f80000,0x0000000017080000)]
  0x0000000002011000 JavaThread "Finalizer" daemon [_thread_blocked, id=7576, stack(0x0000000016a70000,0x0000000016b70000)]
  0x0000000014b6b800 JavaThread "Reference Handler" daemon [_thread_blocked, id=8708, stack(0x0000000016970000,0x0000000016a70000)]
  0x0000000001f21000 JavaThread "main" [_thread_in_Java, id=10492, stack(0x0000000001df0000,0x0000000001ef0000)]

Other Threads:
  0x0000000014b67800 VMThread [stack: 0x0000000016870000,0x0000000016970000] [id=11188]
  0x0000000016c46800 WatcherThread [stack: 0x0000000017680000,0x0000000017780000] [id=7992]

VM state:not at safepoint (normal execution)

VM Mutex/Monitor currently owned by a thread: None

Heap:
 PSYoungGen      total 138240K, used 52671K [0x00000000eab00000, 0x00000000f3700000, 0x0000000100000000)
  eden space 133120K, 35% used [0x00000000eab00000,0x00000000ed9728b8,0x00000000f2d00000)
  from space 5120K, 99% used [0x00000000f2d00000,0x00000000f31fd4b0,0x00000000f3200000)
  to   space 5120K, 0% used [0x00000000f3200000,0x00000000f3200000,0x00000000f3700000)
 ParOldGen       total 87552K, used 47487K [0x00000000c0000000, 0x00000000c5580000, 0x00000000eab00000)
  object space 87552K, 54% used [0x00000000c0000000,0x00000000c2e5fc30,0x00000000c5580000)
 Metaspace       used 6369K, capacity 7632K, committed 7936K, reserved 1056768K
  class space    used 590K, capacity 648K, committed 768K, reserved 1048576K

Card table byte_map: [0x00000000113f0000,0x0000000011600000] byte_map_base: 0x0000000010df0000

Marking Bits: (ParMarkBitMap*) 0x000000006197d4f0
 Begin Bits: [0x0000000011f60000, 0x0000000012f60000)
 End Bits:   [0x0000000012f60000, 0x0000000013f60000)

Polling page: 0x0000000001f00000

CodeCache: size=245760Kb used=12673Kb max_used=12673Kb free=233086Kb
 bounds [0x0000000002030000, 0x0000000002ca0000, 0x0000000011030000]
 total_blobs=2973 nmethods=2712 adapters=175
 compilation: enabled

Compilation events (10 events):
Event: 9.126 Thread 0x0000000016bbf000 2748       3       com.android.dx.dex.code.form.Form23x::writeTo (41 bytes)
Event: 9.126 Thread 0x0000000016bbf000 nmethod 2748 0x0000000002c97050 code [0x0000000002c97260, 0x0000000002c97f68]
Event: 9.126 Thread 0x0000000016bbf000 2749       3       com.android.dx.dex.code.form.Form22x::writeTo (31 bytes)
Event: 9.127 Thread 0x0000000016bbf000 nmethod 2749 0x0000000002c98410 code [0x0000000002c98600, 0x0000000002c98fa8]
Event: 9.127 Thread 0x0000000016bbf000 2750       3       com.android.dx.dex.code.form.Form21s::writeTo (40 bytes)
Event: 9.128 Thread 0x0000000016bbf000 nmethod 2750 0x0000000002c99390 code [0x0000000002c99580, 0x0000000002c99f48]
Event: 9.128 Thread 0x0000000016bbf000 2751       3       com.android.dx.dex.code.HighRegisterPrefix::writeTo (40 bytes)
Event: 9.129 Thread 0x0000000016bbf000 nmethod 2751 0x0000000002c9a310 code [0x0000000002c9a4a0, 0x0000000002c9a9f8]
Event: 9.129 Thread 0x0000000016bbf000 2752       3       com.android.dx.rop.code.RegisterSpecList::getWordCount (33 bytes)
Event: 9.130 Thread 0x0000000016bbf000 nmethod 2752 0x0000000002c9ac50 code [0x0000000002c9ae20, 0x0000000002c9b7c8]

GC Heap History (10 events):
Event: 1.707 GC heap before
{Heap before GC invocations=1 (full 0):
 PSYoungGen      total 38400K, used 33280K [0x00000000eab00000, 0x00000000ed580000, 0x0000000100000000)
  eden space 33280K, 100% used [0x00000000eab00000,0x00000000ecb80000,0x00000000ecb80000)
  from space 5120K, 0% used [0x00000000ed080000,0x00000000ed080000,0x00000000ed580000)
  to   space 5120K, 0% used [0x00000000ecb80000,0x00000000ecb80000,0x00000000ed080000)
 ParOldGen       total 87552K, used 0K [0x00000000c0000000, 0x00000000c5580000, 0x00000000eab00000)
  object space 87552K, 0% used [0x00000000c0000000,0x00000000c0000000,0x00000000c5580000)
 Metaspace       used 5530K, capacity 6960K, committed 7040K, reserved 1056768K
  class space    used 543K, capacity 616K, committed 640K, reserved 1048576K
Event: 1.752 GC heap after
Heap after GC invocations=1 (full 0):
 PSYoungGen      total 38400K, used 5095K [0x00000000eab00000, 0x00000000ef600000, 0x0000000100000000)
  eden space 33280K, 0% used [0x00000000eab00000,0x00000000eab00000,0x00000000ecb80000)
  from space 5120K, 99% used [0x00000000ecb80000,0x00000000ed079c98,0x00000000ed080000)
  to   space 5120K, 0% used [0x00000000ef100000,0x00000000ef100000,0x00000000ef600000)
 ParOldGen       total 87552K, used 1549K [0x00000000c0000000, 0x00000000c5580000, 0x00000000eab00000)
  object space 87552K, 1% used [0x00000000c0000000,0x00000000c0183638,0x00000000c5580000)
 Metaspace       used 5530K, capacity 6960K, committed 7040K, reserved 1056768K
  class space    used 543K, capacity 616K, committed 640K, reserved 1048576K
}
Event: 2.467 GC heap before
{Heap before GC invocations=2 (full 0):
 PSYoungGen      total 38400K, used 38375K [0x00000000eab00000, 0x00000000ef600000, 0x0000000100000000)
  eden space 33280K, 100% used [0x00000000eab00000,0x00000000ecb80000,0x00000000ecb80000)
  from space 5120K, 99% used [0x00000000ecb80000,0x00000000ed079c98,0x00000000ed080000)
  to   space 5120K, 0% used [0x00000000ef100000,0x00000000ef100000,0x00000000ef600000)
 ParOldGen       total 87552K, used 1549K [0x00000000c0000000, 0x00000000c5580000, 0x00000000eab00000)
  object space 87552K, 1% used [0x00000000c0000000,0x00000000c0183638,0x00000000c5580000)
 Metaspace       used 5737K, capacity 7024K, committed 7296K, reserved 1056768K
  class space    used 565K, capacity 616K, committed 640K, reserved 1048576K
Event: 2.536 GC heap after
Heap after GC invocations=2 (full 0):
 PSYoungGen      total 71680K, used 5095K [0x00000000eab00000, 0x00000000ef600000, 0x0000000100000000)
  eden space 66560K, 0% used [0x00000000eab00000,0x00000000eab00000,0x00000000eec00000)
  from space 5120K, 99% used [0x00000000ef100000,0x00000000ef5f9f28,0x00000000ef600000)
  to   space 5120K, 0% used [0x00000000eec00000,0x00000000eec00000,0x00000000ef100000)
 ParOldGen       total 87552K, used 5662K [0x00000000c0000000, 0x00000000c5580000, 0x00000000eab00000)
  object space 87552K, 6% used [0x00000000c0000000,0x00000000c0587ba8,0x00000000c5580000)
 Metaspace       used 5737K, capacity 7024K, committed 7296K, reserved 1056768K
  class space    used 565K, capacity 616K, committed 640K, reserved 1048576K
}
Event: 3.979 GC heap before
{Heap before GC invocations=3 (full 0):
 PSYoungGen      total 71680K, used 71655K [0x00000000eab00000, 0x00000000ef600000, 0x0000000100000000)
  eden space 66560K, 100% used [0x00000000eab00000,0x00000000eec00000,0x00000000eec00000)
  from space 5120K, 99% used [0x00000000ef100000,0x00000000ef5f9f28,0x00000000ef600000)
  to   space 5120K, 0% used [0x00000000eec00000,0x00000000eec00000,0x00000000ef100000)
 ParOldGen       total 87552K, used 5662K [0x00000000c0000000, 0x00000000c5580000, 0x00000000eab00000)
  object space 87552K, 6% used [0x00000000c0000000,0x00000000c0587ba8,0x00000000c5580000)
 Metaspace       used 5796K, capacity 7088K, committed 7296K, reserved 1056768K
  class space    used 566K, capacity 616K, committed 640K, reserved 1048576K
Event: 4.077 GC heap after
Heap after GC invocations=3 (full 0):
 PSYoungGen      total 71680K, used 5094K [0x00000000eab00000, 0x00000000f3700000, 0x0000000100000000)
  eden space 66560K, 0% used [0x00000000eab00000,0x00000000eab00000,0x00000000eec00000)
  from space 5120K, 99% used [0x00000000eec00000,0x00000000ef0f99a8,0x00000000ef100000)
  to   space 5120K, 0% used [0x00000000f3200000,0x00000000f3200000,0x00000000f3700000)
 ParOldGen       total 87552K, used 16371K [0x00000000c0000000, 0x00000000c5580000, 0x00000000eab00000)
  object space 87552K, 18% used [0x00000000c0000000,0x00000000c0ffccb0,0x00000000c5580000)
 Metaspace       used 5796K, capacity 7088K, committed 7296K, reserved 1056768K
  class space    used 566K, capacity 616K, committed 640K, reserved 1048576K
}
Event: 5.044 GC heap before
{Heap before GC invocations=4 (full 0):
 PSYoungGen      total 71680K, used 71654K [0x00000000eab00000, 0x00000000f3700000, 0x0000000100000000)
  eden space 66560K, 100% used [0x00000000eab00000,0x00000000eec00000,0x00000000eec00000)
  from space 5120K, 99% used [0x00000000eec00000,0x00000000ef0f99a8,0x00000000ef100000)
  to   space 5120K, 0% used [0x00000000f3200000,0x00000000f3200000,0x00000000f3700000)
 ParOldGen       total 87552K, used 16371K [0x00000000c0000000, 0x00000000c5580000, 0x00000000eab00000)
  object space 87552K, 18% used [0x00000000c0000000,0x00000000c0ffccb0,0x00000000c5580000)
 Metaspace       used 5819K, capacity 7088K, committed 7296K, reserved 1056768K
  class space    used 567K, capacity 616K, committed 640K, reserved 1048576K
Event: 5.233 GC heap after
Heap after GC invocations=4 (full 0):
 PSYoungGen      total 138240K, used 5106K [0x00000000eab00000, 0x00000000f3700000, 0x0000000100000000)
  eden space 133120K, 0% used [0x00000000eab00000,0x00000000eab00000,0x00000000f2d00000)
  from space 5120K, 99% used [0x00000000f3200000,0x00000000f36fcb18,0x00000000f3700000)
  to   space 5120K, 0% used [0x00000000f2d00000,0x00000000f2d00000,0x00000000f3200000)
 ParOldGen       total 87552K, used 26830K [0x00000000c0000000, 0x00000000c5580000, 0x00000000eab00000)
  object space 87552K, 30% used [0x00000000c0000000,0x00000000c1a33870,0x00000000c5580000)
 Metaspace       used 5819K, capacity 7088K, committed 7296K, reserved 1056768K
  class space    used 567K, capacity 616K, committed 640K, reserved 1048576K
}
Event: 7.675 GC heap before
{Heap before GC invocations=5 (full 0):
 PSYoungGen      total 138240K, used 138226K [0x00000000eab00000, 0x00000000f3700000, 0x0000000100000000)
  eden space 133120K, 100% used [0x00000000eab00000,0x00000000f2d00000,0x00000000f2d00000)
  from space 5120K, 99% used [0x00000000f3200000,0x00000000f36fcb18,0x00000000f3700000)
  to   space 5120K, 0% used [0x00000000f2d00000,0x00000000f2d00000,0x00000000f3200000)
 ParOldGen       total 87552K, used 26830K [0x00000000c0000000, 0x00000000c5580000, 0x00000000eab00000)
  object space 87552K, 30% used [0x00000000c0000000,0x00000000c1a33870,0x00000000c5580000)
 Metaspace       used 5875K, capacity 7152K, committed 7296K, reserved 1056768K
  class space    used 567K, capacity 616K, committed 640K, reserved 1048576K
Event: 7.758 GC heap after
Heap after GC invocations=5 (full 0):
 PSYoungGen      total 138240K, used 5109K [0x00000000eab00000, 0x00000000f3700000, 0x0000000100000000)
  eden space 133120K, 0% used [0x00000000eab00000,0x00000000eab00000,0x00000000f2d00000)
  from space 5120K, 99% used [0x00000000f2d00000,0x00000000f31fd4b0,0x00000000f3200000)
  to   space 5120K, 0% used [0x00000000f3200000,0x00000000f3200000,0x00000000f3700000)
 ParOldGen       total 87552K, used 47487K [0x00000000c0000000, 0x00000000c5580000, 0x00000000eab00000)
  object space 87552K, 54% used [0x00000000c0000000,0x00000000c2e5fc30,0x00000000c5580000)
 Metaspace       used 5875K, capacity 7152K, committed 7296K, reserved 1056768K
  class space    used 567K, capacity 616K, committed 640K, reserved 1048576K
}

Deoptimization events (10 events):
Event: 7.634 Thread 0x0000000001f21000 Uncommon trap: reason=bimorphic action=maybe_recompile pc=0x000000000260b4ac method=com.android.dx.ssa.LiteralOpUpgrader.tryReplacingWithConstant(Lcom/android/dx/ssa/NormalSsaInsn;)Z @ 62
Event: 7.759 Thread 0x0000000001f21000 Uncommon trap: reason=class_check action=maybe_recompile pc=0x0000000002a28e84 method=com.android.dx.cf.code.BytecodeArray.parseInstruction(ILcom/android/dx/cf/code/BytecodeArray$Visitor;)I @ 2062
Event: 7.759 Thread 0x0000000001f21000 Uncommon trap: reason=class_check action=maybe_recompile pc=0x0000000002a28e84 method=com.android.dx.cf.code.BytecodeArray.parseInstruction(ILcom/android/dx/cf/code/BytecodeArray$Visitor;)I @ 2062
Event: 7.759 Thread 0x0000000001f21000 Uncommon trap: reason=class_check action=maybe_recompile pc=0x0000000002a28e84 method=com.android.dx.cf.code.BytecodeArray.parseInstruction(ILcom/android/dx/cf/code/BytecodeArray$Visitor;)I @ 2062
Event: 7.773 Thread 0x0000000001f21000 Uncommon trap: reason=class_check action=maybe_recompile pc=0x0000000002a28e84 method=com.android.dx.cf.code.BytecodeArray.parseInstruction(ILcom/android/dx/cf/code/BytecodeArray$Visitor;)I @ 2062
Event: 7.918 Thread 0x0000000001f21000 Uncommon trap: reason=class_check action=maybe_recompile pc=0x00000000024d63a4 method=java.util.Arrays.hashCode([Ljava/lang/Object;)I @ 43
Event: 7.918 Thread 0x0000000001f21000 Uncommon trap: reason=class_check action=maybe_recompile pc=0x00000000024d63a4 method=java.util.Arrays.hashCode([Ljava/lang/Object;)I @ 43
Event: 7.918 Thread 0x0000000001f21000 Uncommon trap: reason=class_check action=maybe_recompile pc=0x00000000024d63a4 method=java.util.Arrays.hashCode([Ljava/lang/Object;)I @ 43
Event: 7.918 Thread 0x0000000001f21000 Uncommon trap: reason=class_check action=maybe_recompile pc=0x00000000024d63a4 method=java.util.Arrays.hashCode([Ljava/lang/Object;)I @ 43
Event: 7.918 Thread 0x0000000001f21000 Uncommon trap: reason=class_check action=maybe_recompile pc=0x00000000024cd388 method=java.util.Arrays.hashCode([Ljava/lang/Object;)I @ 43

Internal exceptions (7 events):
Event: 0.046 Thread 0x0000000001f21000 Exception <a 'java/lang/NoSuchMethodError': Method sun.misc.Unsafe.defineClass(Ljava/lang/String;[BII)Ljava/lang/Class; name or signature does not match> (0x00000000eab0c870) thrown at [C:\workspace\8-2-build-windows-amd64-cygwin\jdk8u31\2394\hotspot\src\sË 9²l¾§?
Event: 0.046 Thread 0x0000000001f21000 Exception <a 'java/lang/NoSuchMethodError': Method sun.misc.Unsafe.prefetchRead(Ljava/lang/Object;J)V name or signature does not match> (0x00000000eab0cb00) thrown at [C:\workspace\8-2-build-windows-amd64-cygwin\jdk8u31\2394\hotspot\src\share\vm\prims\jni.éy¨«.û?
Event: 1.689 Thread 0x0000000001f21000 Implicit null exception at 0x00000000024950a2 to 0x00000000024951a5
Event: 2.101 Thread 0x0000000001f21000 Exception <a 'java/lang/ArrayIndexOutOfBoundsException': 18> (0x00000000eb91ed20) thrown at [C:\workspace\8-2-build-windows-amd64-cygwin\jdk8u31\2394\hotspot\src\share\vm\interpreter\interpreterRuntime.cpp, line 366]
Event: 2.101 Thread 0x0000000001f21000 Exception <a 'java/lang/ArrayIndexOutOfBoundsException': 145> (0x00000000eb9207b8) thrown at [C:\workspace\8-2-build-windows-amd64-cygwin\jdk8u31\2394\hotspot\src\share\vm\interpreter\interpreterRuntime.cpp, line 366]
Event: 2.117 Thread 0x0000000001f21000 Exception <a 'java/lang/ArrayIndexOutOfBoundsException'> (0x00000000eb9219d0) thrown at [C:\workspace\8-2-build-windows-amd64-cygwin\jdk8u31\2394\hotspot\src\share\vm\runtime\sharedRuntime.cpp, line 604]
Event: 5.243 Thread 0x0000000001f21000 Implicit null exception at 0x0000000002860231 to 0x0000000002860a45

Events (10 events):
Event: 8.636 loading class com/android/dx/dex/file/DebugInfoEncoder$1
Event: 8.636 loading class com/android/dx/dex/file/DebugInfoEncoder$1 done
Event: 8.636 loading class com/android/dx/dex/file/DebugInfoEncoder$2
Event: 8.636 loading class com/android/dx/dex/file/DebugInfoEncoder$2 done
Event: 8.766 loading class com/android/dex/EncodedValueCodec
Event: 8.767 loading class com/android/dex/EncodedValueCodec done
Event: 8.879 loading class com/android/dx/dex/file/MapItem
Event: 8.879 loading class com/android/dx/dex/file/MapItem done
Event: 8.899 loading class com/android/dex/DexFormat
Event: 8.900 loading class com/android/dex/DexFormat done


Dynamic libraries:
0x00007ff67cfb0000 - 0x00007ff67cfe4000 	C:\PROGRA~3\Oracle\Java\javapath\java.exe
0x00007fff42590000 - 0x00007fff4273c000 	C:\Windows\SYSTEM32\ntdll.dll
0x00007fff40780000 - 0x00007fff408ba000 	C:\Windows\system32\KERNEL32.DLL
0x00007fff3fc00000 - 0x00007fff3fd0f000 	C:\Windows\system32\KERNELBASE.dll
0x0000000063540000 - 0x00000000635d4000 	C:\Program Files\Bitdefender\Antivirus Free Edition\avc3\avc3_sig_296\avcuf64.dll
0x00007fff3e4e0000 - 0x00007fff3e568000 	C:\Windows\system32\apphelp.dll
0x00007fff2c470000 - 0x00007fff2c4bf000 	C:\Windows\AppPatch\AppPatch64\AcGenral.DLL
0x00007fff408c0000 - 0x00007fff40967000 	C:\Windows\system32\msvcrt.dll
0x00007fff3f740000 - 0x00007fff3f76b000 	C:\Windows\SYSTEM32\SspiCli.dll
0x00007fff40970000 - 0x00007fff409c1000 	C:\Windows\system32\SHLWAPI.dll
0x00007fff420d0000 - 0x00007fff42241000 	C:\Windows\system32\USER32.dll
0x00007fff40590000 - 0x00007fff40708000 	C:\Windows\system32\ole32.dll
0x00007fff40a30000 - 0x00007fff41e3f000 	C:\Windows\system32\SHELL32.dll
0x00007fff3f0d0000 - 0x00007fff3f0ee000 	C:\Windows\SYSTEM32\USERENV.dll
0x00007fff3fe20000 - 0x00007fff3fec5000 	C:\Windows\system32\ADVAPI32.dll
0x00007fff294a0000 - 0x00007fff294bb000 	C:\Windows\SYSTEM32\MPR.dll
0x00007fff42450000 - 0x00007fff42587000 	C:\Windows\system32\RPCRT4.dll
0x00007fff42250000 - 0x00007fff422a7000 	C:\Windows\SYSTEM32\sechost.dll
0x00007fff41ef0000 - 0x00007fff420c6000 	C:\Windows\SYSTEM32\combase.dll
0x00007fff3ffc0000 - 0x00007fff40104000 	C:\Windows\system32\GDI32.dll
0x00007fff3f900000 - 0x00007fff3f914000 	C:\Windows\SYSTEM32\profapi.dll
0x00007fff3db50000 - 0x00007fff3dbef000 	C:\Windows\SYSTEM32\SHCORE.dll
0x00007fff3fed0000 - 0x00007fff3ff04000 	C:\Windows\system32\IMM32.DLL
0x00007fff40450000 - 0x00007fff40589000 	C:\Windows\system32\MSCTF.dll
0x00007fff3d3e0000 - 0x00007fff3d63a000 	C:\Windows\WinSxS\amd64_microsoft.windows.common-controls_6595b64144ccf1df_6.0.9600.17031_none_6242a4b3ecbb55a1\COMCTL32.dll
0x0000000061a00000 - 0x0000000061ad2000 	C:\Program Files\Java\jre1.8.0_31\bin\msvcr100.dll
0x00000000611a0000 - 0x00000000619fa000 	C:\Program Files\Java\jre1.8.0_31\bin\server\jvm.dll
0x00007fff2ddf0000 - 0x00007fff2ddf9000 	C:\Windows\SYSTEM32\WSOCK32.dll
0x00007fff3b560000 - 0x00007fff3b57f000 	C:\Windows\SYSTEM32\WINMM.dll
0x00007fff3fe10000 - 0x00007fff3fe17000 	C:\Windows\system32\PSAPI.DLL
0x00007fff40320000 - 0x00007fff40378000 	C:\Windows\system32\WS2_32.dll
0x00007fff3abd0000 - 0x00007fff3abfa000 	C:\Windows\SYSTEM32\WINMMBASE.dll
0x00007fff41ee0000 - 0x00007fff41ee9000 	C:\Windows\system32\NSI.dll
0x00007fff3f9d0000 - 0x00007fff3fa1a000 	C:\Windows\SYSTEM32\cfgmgr32.dll
0x00007fff3e760000 - 0x00007fff3e786000 	C:\Windows\SYSTEM32\DEVOBJ.dll
0x0000000061190000 - 0x000000006119f000 	C:\Program Files\Java\jre1.8.0_31\bin\verify.dll
0x0000000061160000 - 0x0000000061188000 	C:\Program Files\Java\jre1.8.0_31\bin\java.dll
0x0000000061140000 - 0x0000000061156000 	C:\Program Files\Java\jre1.8.0_31\bin\zip.dll

VM Arguments:
jvm_args: -Xmx1024M -Xss1m -Djava.ext.dirs=E:\androidsdk\build-tools\21.1.2\lib 
java_command: E:\androidsdk\build-tools\21.1.2\lib\dx.jar --dex --output C:\Users\Alex\AndroidProjects\InstantTrivia\app\build\intermediates\pre-dexed\debug\classes-62f9cdbf5b56759c9b98436b178bcb506bedc528.jar C:\Users\Alex\AndroidProjects\InstantTrivia\app\build\intermediates\exploded-aar\com.android.support\support-v4\21.0.3\classes.jar
java_class_path (initial): E:\androidsdk\build-tools\21.1.2\lib\dx.jar
Launcher Type: SUN_STANDARD

Environment Variables:
JAVA_HOME=C:\Program Files\Java\jdk1.8.0_25
PATH=C:\Program Files (x86)\EasyPHP-DevServer-14.1VC11\binaries\php\php_runningversion;C:\ProgramData\Oracle\Java\javapath;C:\Program Files (x86)\NVIDIA Corporation\PhysX\Common;C:\Program Files (x86)\Intel\iCLS Client\;C:\Program Files\Intel\iCLS Client\;C:\Windows\system32;C:\Windows;C:\Windows\System32\Wbem;C:\Windows\System32\WindowsPowerShell\v1.0\;C:\Program Files\Intel\Intel(R) Management Engine Components\DAL;C:\Program Files\Intel\Intel(R) Management Engine Components\IPT;C:\Program Files (x86)\Intel\Intel(R) Management Engine Components\DAL;C:\Program Files (x86)\Intel\Intel(R) Management Engine Components\IPT;C:\Program Files\Intel\WiFi\bin\;C:\Program Files\Common Files\Intel\WirelessCommon\;C:\Program Files (x86)\Windows Live\Shared;C:\Transas\IBS\Horus\;C:\Transas\IBS\Shared\
USERNAME=Alex
OS=Windows_NT
PROCESSOR_IDENTIFIER=Intel64 Family 6 Model 60 Stepping 3, GenuineIntel



---------------  S Y S T E M  ---------------

OS: Windows 8.1 , 64 bit Build 9600 

CPU:total 8 (4 cores per cpu, 2 threads per core) family 6 model 60 stepping 3, cmov, cx8, fxsr, mmx, sse, sse2, sse3, ssse3, sse4.1, sse4.2, popcnt, avx, avx2, aes, clmul, erms, lzcnt, ht, tsc, tscinvbit, bmi1, bmi2

Memory: 4k page, physical 8310872k(901028k free), swap 11456600k(5172k free)

vm_info: Java HotSpot(TM) 64-Bit Server VM (25.31-b07) for windows-amd64 JRE (1.8.0_31-b13), built on Dec 17 2014 21:00:28 by "java_re" with MS VC++ 10.0 (VS2010)

time: Wed Feb 11 23:19:27 2015
elapsed time: 9 seconds (0d 0h 0m 9s)

